{"/home/travis/build/npmtest/node-npmtest-i18n/test.js":{"path":"/home/travis/build/npmtest/node-npmtest-i18n/test.js","s":{"1":2,"2":2,"3":2,"4":2,"5":2,"6":2,"7":2,"8":1,"9":2,"10":2,"11":1,"12":1,"13":1,"14":1,"15":2,"16":2,"17":2,"18":2,"19":1,"20":1,"21":2,"22":2,"23":2,"24":1,"25":1,"26":1,"27":1,"28":1,"29":1,"30":1,"31":1,"32":1,"33":1,"34":1,"35":1,"36":1,"37":1,"38":1,"39":2,"40":2,"41":1,"42":2,"43":2,"44":1,"45":2,"46":2,"47":1,"48":2,"49":2,"50":1,"51":1,"52":1,"53":1,"54":1},"b":{"1":[2,1,1,1],"2":[1,1,1,1],"3":[1,1],"4":[1,1],"5":[1,1],"6":[1,1],"7":[1,1],"8":[1,1],"9":[1,1],"10":[1,1,1],"11":[1,1],"12":[1,1],"13":[1,1],"14":[1,1],"15":[1,1],"16":[1,1],"17":[1,1]},"f":{"1":2,"2":2,"3":2,"4":2,"5":2,"6":1,"7":1,"8":1,"9":2,"10":2,"11":2,"12":2,"13":1},"fnMap":{"1":{"name":"(anonymous_1)","line":12,"loc":{"start":{"line":12,"column":1},"end":{"line":12,"column":13}}},"2":{"name":"(anonymous_2)","line":19,"loc":{"start":{"line":19,"column":5},"end":{"line":19,"column":17}}},"3":{"name":"(anonymous_3)","line":23,"loc":{"start":{"line":23,"column":24},"end":{"line":23,"column":36}}},"4":{"name":"(anonymous_4)","line":61,"loc":{"start":{"line":61,"column":5},"end":{"line":61,"column":17}}},"5":{"name":"(anonymous_5)","line":82,"loc":{"start":{"line":82,"column":5},"end":{"line":82,"column":17}}},"6":{"name":"(anonymous_6)","line":91,"loc":{"start":{"line":91,"column":77},"end":{"line":94,"column":10}}},"7":{"name":"(anonymous_7)","line":112,"loc":{"start":{"line":112,"column":83},"end":{"line":115,"column":10}},"skip":true},"8":{"name":"(anonymous_8)","line":123,"loc":{"start":{"line":123,"column":77},"end":{"line":126,"column":10}},"skip":true},"9":{"name":"(anonymous_9)","line":139,"loc":{"start":{"line":139,"column":12},"end":{"line":139,"column":40}},"skip":true},"10":{"name":"(anonymous_10)","line":147,"loc":{"start":{"line":147,"column":77},"end":{"line":150,"column":10}},"skip":true},"11":{"name":"(anonymous_11)","line":158,"loc":{"start":{"line":158,"column":83},"end":{"line":161,"column":10}},"skip":true},"12":{"name":"(anonymous_12)","line":169,"loc":{"start":{"line":169,"column":79},"end":{"line":172,"column":10}},"skip":true},"13":{"name":"(anonymous_13)","line":180,"loc":{"start":{"line":180,"column":75},"end":{"line":183,"column":10}},"skip":true}},"statementMap":{"1":{"start":{"line":12,"column":0},"end":{"line":195,"column":5}},"2":{"start":{"line":14,"column":4},"end":{"line":14,"column":14}},"3":{"start":{"line":19,"column":4},"end":{"line":56,"column":9}},"4":{"start":{"line":21,"column":8},"end":{"line":21,"column":19}},"5":{"start":{"line":23,"column":8},"end":{"line":35,"column":13}},"6":{"start":{"line":24,"column":12},"end":{"line":34,"column":13}},"7":{"start":{"line":25,"column":16},"end":{"line":28,"column":30}},"8":{"start":{"line":30,"column":16},"end":{"line":33,"column":27}},"9":{"start":{"line":37,"column":8},"end":{"line":39,"column":21}},"10":{"start":{"line":40,"column":8},"end":{"line":53,"column":9}},"11":{"start":{"line":43,"column":12},"end":{"line":46,"column":14}},"12":{"start":{"line":47,"column":12},"end":{"line":47,"column":18}},"13":{"start":{"line":50,"column":12},"end":{"line":51,"column":33}},"14":{"start":{"line":52,"column":12},"end":{"line":52,"column":18}},"15":{"start":{"line":55,"column":8},"end":{"line":55,"column":35}},"16":{"start":{"line":61,"column":4},"end":{"line":63,"column":9}},"17":{"start":{"line":62,"column":8},"end":{"line":62,"column":15}},"18":{"start":{"line":64,"column":4},"end":{"line":77,"column":5}},"19":{"start":{"line":70,"column":8},"end":{"line":70,"column":14}},"20":{"start":{"line":76,"column":8},"end":{"line":76,"column":14}},"21":{"start":{"line":82,"column":4},"end":{"line":84,"column":9}},"22":{"start":{"line":83,"column":8},"end":{"line":83,"column":15}},"23":{"start":{"line":85,"column":4},"end":{"line":194,"column":5}},"24":{"start":{"line":91,"column":8},"end":{"line":99,"column":10}},"25":{"start":{"line":98,"column":12},"end":{"line":98,"column":35}},"26":{"start":{"line":102,"column":8},"end":{"line":104,"column":63}},"27":{"start":{"line":105,"column":8},"end":{"line":105,"column":14}},"28":{"start":{"line":112,"column":8},"end":{"line":121,"column":10},"skip":true},"29":{"start":{"line":119,"column":12},"end":{"line":119,"column":55},"skip":true},"30":{"start":{"line":120,"column":12},"end":{"line":120,"column":48},"skip":true},"31":{"start":{"line":123,"column":8},"end":{"line":136,"column":10},"skip":true},"32":{"start":{"line":130,"column":12},"end":{"line":130,"column":76},"skip":true},"33":{"start":{"line":131,"column":12},"end":{"line":131,"column":73},"skip":true},"34":{"start":{"line":132,"column":12},"end":{"line":132,"column":74},"skip":true},"35":{"start":{"line":133,"column":12},"end":{"line":133,"column":79},"skip":true},"36":{"start":{"line":134,"column":12},"end":{"line":134,"column":25},"skip":true},"37":{"start":{"line":135,"column":12},"end":{"line":135,"column":45},"skip":true},"38":{"start":{"line":138,"column":8},"end":{"line":145,"column":14},"skip":true},"39":{"start":{"line":143,"column":16},"end":{"line":143,"column":29},"skip":true},"40":{"start":{"line":144,"column":16},"end":{"line":144,"column":55},"skip":true},"41":{"start":{"line":147,"column":8},"end":{"line":156,"column":10},"skip":true},"42":{"start":{"line":154,"column":12},"end":{"line":154,"column":25},"skip":true},"43":{"start":{"line":155,"column":12},"end":{"line":155,"column":45},"skip":true},"44":{"start":{"line":158,"column":8},"end":{"line":167,"column":10},"skip":true},"45":{"start":{"line":165,"column":12},"end":{"line":165,"column":25},"skip":true},"46":{"start":{"line":166,"column":12},"end":{"line":166,"column":48},"skip":true},"47":{"start":{"line":169,"column":8},"end":{"line":178,"column":10},"skip":true},"48":{"start":{"line":176,"column":12},"end":{"line":176,"column":25},"skip":true},"49":{"start":{"line":177,"column":12},"end":{"line":177,"column":46},"skip":true},"50":{"start":{"line":180,"column":8},"end":{"line":189,"column":10},"skip":true},"51":{"start":{"line":187,"column":12},"end":{"line":187,"column":94},"skip":true},"52":{"start":{"line":188,"column":12},"end":{"line":188,"column":48},"skip":true},"53":{"start":{"line":192,"column":8},"end":{"line":192,"column":35},"skip":true},"54":{"start":{"line":193,"column":8},"end":{"line":193,"column":14},"skip":true}},"branchMap":{"1":{"line":25,"type":"binary-expr","locations":[{"start":{"line":25,"column":23},"end":{"line":25,"column":62}},{"start":{"line":26,"column":20},"end":{"line":26,"column":70}},{"start":{"line":27,"column":20},"end":{"line":27,"column":71}},{"start":{"line":28,"column":20},"end":{"line":28,"column":29}}]},"2":{"line":30,"type":"binary-expr","locations":[{"start":{"line":30,"column":23},"end":{"line":30,"column":37}},{"start":{"line":31,"column":20},"end":{"line":31,"column":61}},{"start":{"line":32,"column":20},"end":{"line":32,"column":70}},{"start":{"line":33,"column":20},"end":{"line":33,"column":26}}]},"3":{"line":37,"type":"cond-expr","locations":[{"start":{"line":38,"column":14},"end":{"line":38,"column":20}},{"start":{"line":39,"column":14},"end":{"line":39,"column":20}}]},"4":{"line":40,"type":"switch","locations":[{"start":{"line":42,"column":8},"end":{"line":47,"column":18}},{"start":{"line":49,"column":8},"end":{"line":52,"column":18}}]},"5":{"line":44,"type":"binary-expr","locations":[{"start":{"line":44,"column":16},"end":{"line":44,"column":44}},{"start":{"line":44,"column":48},"end":{"line":44,"column":66}}]},"6":{"line":50,"type":"binary-expr","locations":[{"start":{"line":50,"column":21},"end":{"line":50,"column":49}},{"start":{"line":50,"column":53},"end":{"line":50,"column":72}}]},"7":{"line":64,"type":"switch","locations":[{"start":{"line":69,"column":4},"end":{"line":70,"column":14}},{"start":{"line":75,"column":4},"end":{"line":76,"column":14}}]},"8":{"line":85,"type":"switch","locations":[{"start":{"line":90,"column":4},"end":{"line":105,"column":14}},{"start":{"line":111,"column":4},"end":{"line":193,"column":14},"skip":true}]},"9":{"line":91,"type":"binary-expr","locations":[{"start":{"line":91,"column":42},"end":{"line":91,"column":73}},{"start":{"line":91,"column":77},"end":{"line":99,"column":9}}]},"10":{"line":102,"type":"binary-expr","locations":[{"start":{"line":102,"column":18},"end":{"line":102,"column":32}},{"start":{"line":103,"column":12},"end":{"line":103,"column":53}},{"start":{"line":104,"column":12},"end":{"line":104,"column":61}}]},"11":{"line":112,"type":"binary-expr","locations":[{"start":{"line":112,"column":45},"end":{"line":112,"column":79},"skip":true},{"start":{"line":112,"column":83},"end":{"line":121,"column":9},"skip":true}]},"12":{"line":123,"type":"binary-expr","locations":[{"start":{"line":123,"column":42},"end":{"line":123,"column":73},"skip":true},{"start":{"line":123,"column":77},"end":{"line":136,"column":9},"skip":true}]},"13":{"line":138,"type":"binary-expr","locations":[{"start":{"line":138,"column":48},"end":{"line":138,"column":85},"skip":true},{"start":{"line":139,"column":12},"end":{"line":145,"column":13},"skip":true}]},"14":{"line":147,"type":"binary-expr","locations":[{"start":{"line":147,"column":42},"end":{"line":147,"column":73},"skip":true},{"start":{"line":147,"column":77},"end":{"line":156,"column":9},"skip":true}]},"15":{"line":158,"type":"binary-expr","locations":[{"start":{"line":158,"column":45},"end":{"line":158,"column":79},"skip":true},{"start":{"line":158,"column":83},"end":{"line":167,"column":9},"skip":true}]},"16":{"line":169,"type":"binary-expr","locations":[{"start":{"line":169,"column":43},"end":{"line":169,"column":75},"skip":true},{"start":{"line":169,"column":79},"end":{"line":178,"column":9},"skip":true}]},"17":{"line":180,"type":"binary-expr","locations":[{"start":{"line":180,"column":41},"end":{"line":180,"column":71},"skip":true},{"start":{"line":180,"column":75},"end":{"line":189,"column":9},"skip":true}]}},"code":["/* istanbul instrument in package npmtest_i18n */","/*jslint","    bitwise: true,","    browser: true,","    maxerr: 8,","    maxlen: 96,","    node: true,","    nomen: true,","    regexp: true,","    stupid: true","*/","(function () {","    'use strict';","    var local;","","","","    // run shared js-env code - init-before","    (function () {","        // init local","        local = {};","        // init modeJs","        local.modeJs = (function () {","            try {","                return typeof navigator.userAgent === 'string' &&","                    typeof document.querySelector('body') === 'object' &&","                    typeof XMLHttpRequest.prototype.open === 'function' &&","                    'browser';","            } catch (errorCaughtBrowser) {","                return module.exports &&","                    typeof process.versions.node === 'string' &&","                    typeof require('http').createServer === 'function' &&","                    'node';","            }","        }());","        // init global","        local.global = local.modeJs === 'browser'","            ? window","            : global;","        switch (local.modeJs) {","        // re-init local from window.local","        case 'browser':","            local = local.global.utility2.objectSetDefault(","                local.global.utility2_rollup || local.global.local,","                local.global.utility2","            );","            break;","        // re-init local from example.js","        case 'node':","            local = (local.global.utility2_rollup || require('utility2'))","                .requireReadme();","            break;","        }","        // export local","        local.global.local = local;","    }());","","","","    // run shared js-env code - function","    (function () {","        return;","    }());","    switch (local.modeJs) {","","","","    // run browser js-env code - function","    case 'browser':","        break;","","","","    // run node js-env code - function","    case 'node':","        break;","    }","","","","    // run shared js-env code - init-after","    (function () {","        return;","    }());","    switch (local.modeJs) {","","","","    // run browser js-env code - init-after","    case 'browser':","        local.testCase_browser_nullCase = local.testCase_browser_nullCase || function (","            options,","            onError","        ) {","        /*","         * this function will test browsers's null-case handling-behavior-behavior","         */","            onError(null, options);","        };","","        // run tests","        local.nop(local.modeTest &&","            document.querySelector('#testRunButton1') &&","            document.querySelector('#testRunButton1').click());","        break;","","","","    // run node js-env code - init-after","    /* istanbul ignore next */","    case 'node':","        local.testCase_buildApidoc_default = local.testCase_buildApidoc_default || function (","            options,","            onError","        ) {","        /*","         * this function will test buildApidoc's default handling-behavior-behavior","         */","            options = { modulePathList: module.paths };","            local.buildApidoc(options, onError);","        };","","        local.testCase_buildApp_default = local.testCase_buildApp_default || function (","            options,","            onError","        ) {","        /*","         * this function will test buildApp's default handling-behavior-behavior","         */","            local.testCase_buildReadme_default(options, local.onErrorThrow);","            local.testCase_buildLib_default(options, local.onErrorThrow);","            local.testCase_buildTest_default(options, local.onErrorThrow);","            local.testCase_buildCustomOrg_default(options, local.onErrorThrow);","            options = [];","            local.buildApp(options, onError);","        };","","        local.testCase_buildCustomOrg_default = local.testCase_buildCustomOrg_default ||","            function (options, onError) {","            /*","             * this function will test buildCustomOrg's default handling-behavior","             */","                options = {};","                local.buildCustomOrg(options, onError);","            };","","        local.testCase_buildLib_default = local.testCase_buildLib_default || function (","            options,","            onError","        ) {","        /*","         * this function will test buildLib's default handling-behavior","         */","            options = {};","            local.buildLib(options, onError);","        };","","        local.testCase_buildReadme_default = local.testCase_buildReadme_default || function (","            options,","            onError","        ) {","        /*","         * this function will test buildReadme's default handling-behavior-behavior","         */","            options = {};","            local.buildReadme(options, onError);","        };","","        local.testCase_buildTest_default = local.testCase_buildTest_default || function (","            options,","            onError","        ) {","        /*","         * this function will test buildTest's default handling-behavior","         */","            options = {};","            local.buildTest(options, onError);","        };","","        local.testCase_webpage_default = local.testCase_webpage_default || function (","            options,","            onError","        ) {","        /*","         * this function will test webpage's default handling-behavior","         */","            options = { modeCoverageMerge: true, url: local.serverLocalHost + '?modeTest=1' };","            local.browserTest(options, onError);","        };","","        // run test-server","        local.testRunServer(local);","        break;","    }","}());",""],"l":{"12":2,"14":2,"19":2,"21":2,"23":2,"24":2,"25":2,"30":1,"37":2,"40":2,"43":1,"47":1,"50":1,"52":1,"55":2,"61":2,"62":2,"64":2,"70":1,"76":1,"82":2,"83":2,"85":2,"91":1,"98":1,"102":1,"105":1,"112":1,"119":1,"120":1,"123":1,"130":1,"131":1,"132":1,"133":1,"134":1,"135":1,"138":1,"143":2,"144":2,"147":1,"154":2,"155":2,"158":1,"165":2,"166":2,"169":1,"176":2,"177":2,"180":1,"187":1,"188":1,"192":1,"193":1}},"/home/travis/build/npmtest/node-npmtest-i18n/lib.npmtest_i18n.js":{"path":"/home/travis/build/npmtest/node-npmtest-i18n/lib.npmtest_i18n.js","s":{"1":2,"2":2,"3":2,"4":2,"5":2,"6":2,"7":2,"8":1,"9":2,"10":2,"11":2,"12":2,"13":1,"14":1,"15":1,"16":1},"b":{"1":[2,1,1,1],"2":[1,1,1,1],"3":[1,1],"4":[2,2],"5":[1,1]},"f":{"1":2,"2":2,"3":2},"fnMap":{"1":{"name":"(anonymous_1)","line":12,"loc":{"start":{"line":12,"column":1},"end":{"line":12,"column":13}}},"2":{"name":"(anonymous_2)","line":19,"loc":{"start":{"line":19,"column":5},"end":{"line":19,"column":17}}},"3":{"name":"(anonymous_3)","line":23,"loc":{"start":{"line":23,"column":24},"end":{"line":23,"column":36}}}},"statementMap":{"1":{"start":{"line":12,"column":0},"end":{"line":53,"column":5}},"2":{"start":{"line":14,"column":4},"end":{"line":14,"column":14}},"3":{"start":{"line":19,"column":4},"end":{"line":52,"column":9}},"4":{"start":{"line":21,"column":8},"end":{"line":21,"column":19}},"5":{"start":{"line":23,"column":8},"end":{"line":35,"column":13}},"6":{"start":{"line":24,"column":12},"end":{"line":34,"column":13}},"7":{"start":{"line":25,"column":16},"end":{"line":28,"column":30}},"8":{"start":{"line":30,"column":16},"end":{"line":33,"column":27}},"9":{"start":{"line":37,"column":8},"end":{"line":39,"column":21}},"10":{"start":{"line":41,"column":8},"end":{"line":41,"column":54}},"11":{"start":{"line":43,"column":8},"end":{"line":43,"column":49}},"12":{"start":{"line":45,"column":8},"end":{"line":51,"column":9}},"13":{"start":{"line":46,"column":12},"end":{"line":46,"column":55}},"14":{"start":{"line":48,"column":12},"end":{"line":48,"column":35}},"15":{"start":{"line":49,"column":12},"end":{"line":49,"column":49}},"16":{"start":{"line":50,"column":12},"end":{"line":50,"column":43}}},"branchMap":{"1":{"line":25,"type":"binary-expr","locations":[{"start":{"line":25,"column":23},"end":{"line":25,"column":62}},{"start":{"line":26,"column":20},"end":{"line":26,"column":70}},{"start":{"line":27,"column":20},"end":{"line":27,"column":71}},{"start":{"line":28,"column":20},"end":{"line":28,"column":29}}]},"2":{"line":30,"type":"binary-expr","locations":[{"start":{"line":30,"column":23},"end":{"line":30,"column":37}},{"start":{"line":31,"column":20},"end":{"line":31,"column":61}},{"start":{"line":32,"column":20},"end":{"line":32,"column":70}},{"start":{"line":33,"column":20},"end":{"line":33,"column":26}}]},"3":{"line":37,"type":"cond-expr","locations":[{"start":{"line":38,"column":14},"end":{"line":38,"column":20}},{"start":{"line":39,"column":14},"end":{"line":39,"column":20}}]},"4":{"line":41,"type":"binary-expr","locations":[{"start":{"line":41,"column":16},"end":{"line":41,"column":44}},{"start":{"line":41,"column":48},"end":{"line":41,"column":53}}]},"5":{"line":45,"type":"if","locations":[{"start":{"line":45,"column":8},"end":{"line":45,"column":8}},{"start":{"line":45,"column":8},"end":{"line":45,"column":8}}]}},"code":["/* istanbul instrument in package npmtest_i18n */","/*jslint","    bitwise: true,","    browser: true,","    maxerr: 8,","    maxlen: 96,","    node: true,","    nomen: true,","    regexp: true,","    stupid: true","*/","(function () {","    'use strict';","    var local;","","","","    // run shared js-env code - init-before","    (function () {","        // init local","        local = {};","        // init modeJs","        local.modeJs = (function () {","            try {","                return typeof navigator.userAgent === 'string' &&","                    typeof document.querySelector('body') === 'object' &&","                    typeof XMLHttpRequest.prototype.open === 'function' &&","                    'browser';","            } catch (errorCaughtBrowser) {","                return module.exports &&","                    typeof process.versions.node === 'string' &&","                    typeof require('http').createServer === 'function' &&","                    'node';","            }","        }());","        // init global","        local.global = local.modeJs === 'browser'","            ? window","            : global;","        // init utility2_rollup","        local = local.global.utility2_rollup || local;","        // init lib","        local.local = local.npmtest_i18n = local;","        // init exports","        if (local.modeJs === 'browser') {","            local.global.utility2_npmtest_i18n = local;","        } else {","            module.exports = local;","            module.exports.__dirname = __dirname;","            module.exports.module = module;","        }","    }());","}());",""],"l":{"12":2,"14":2,"19":2,"21":2,"23":2,"24":2,"25":2,"30":1,"37":2,"41":2,"43":2,"45":2,"46":1,"48":1,"49":1,"50":1}},"/home/travis/build/npmtest/node-npmtest-i18n/example.js":{"path":"/home/travis/build/npmtest/node-npmtest-i18n/example.js","s":{"1":2,"2":2,"3":2,"4":2,"5":2,"6":2,"7":2,"8":1,"9":2,"10":2,"11":2,"12":2,"13":1,"14":2,"15":2,"16":2,"17":2,"18":2,"19":0,"20":2,"21":1,"22":1,"23":1,"24":1,"25":1,"26":0,"27":0,"28":1,"29":1,"30":2,"31":0,"32":0,"33":0,"34":1,"35":2,"36":2,"37":3,"38":3,"39":3,"40":3,"41":0,"42":3,"43":3,"44":3,"45":1,"46":3,"47":1,"48":1,"49":1,"50":1,"51":1,"52":1,"53":1,"54":1,"55":1,"56":1,"57":0,"58":1,"59":6,"60":6,"61":1,"62":2,"63":0,"64":2,"65":1,"66":1,"67":0,"68":0,"69":0,"70":0,"71":0,"72":0,"73":0,"74":0,"75":0,"76":0,"77":0,"78":0,"79":0,"80":0,"81":0,"82":0,"83":0},"b":{"1":[2,1,1,1],"2":[1,1,1,1],"3":[1,1],"4":[2,2],"5":[1,1],"6":[1,1],"7":[2,0],"8":[2,1,1,1,1,1],"9":[0,2,0],"10":[1,1],"11":[2,1,1],"12":[1,0],"13":[0,2],"14":[2,0,0,0,0,0,0],"15":[0,3],"16":[3,0],"17":[1,1],"18":[0,1],"19":[1,2,0,2],"20":[1,0],"21":[1,1],"22":[0,0],"23":[0,0],"24":[0,0],"25":[0,0],"26":[0,0],"27":[0,0],"28":[0,0]},"f":{"1":2,"2":2,"3":2,"4":2,"5":2,"6":2,"7":3,"8":3,"9":3,"10":1,"11":6,"12":0},"fnMap":{"1":{"name":"(anonymous_1)","line":26,"loc":{"start":{"line":26,"column":1},"end":{"line":26,"column":13}}},"2":{"name":"(anonymous_2)","line":33,"loc":{"start":{"line":33,"column":5},"end":{"line":33,"column":17}}},"3":{"name":"(anonymous_3)","line":37,"loc":{"start":{"line":37,"column":24},"end":{"line":37,"column":36}}},"4":{"name":"(anonymous_4)","line":69,"loc":{"start":{"line":69,"column":31},"end":{"line":69,"column":48}},"skip":true},"5":{"name":"(anonymous_5)","line":78,"loc":{"start":{"line":78,"column":26},"end":{"line":78,"column":45}},"skip":true},"6":{"name":"(anonymous_6)","line":123,"loc":{"start":{"line":123,"column":33},"end":{"line":123,"column":48}},"skip":true},"7":{"name":"(anonymous_7)","line":125,"loc":{"start":{"line":125,"column":27},"end":{"line":125,"column":39}},"skip":true},"8":{"name":"(anonymous_8)","line":133,"loc":{"start":{"line":133,"column":59},"end":{"line":133,"column":74}},"skip":true},"9":{"name":"(anonymous_9)","line":143,"loc":{"start":{"line":143,"column":45},"end":{"line":143,"column":62}},"skip":true},"10":{"name":"(anonymous_10)","line":144,"loc":{"start":{"line":144,"column":73},"end":{"line":144,"column":92}},"skip":true},"11":{"name":"(anonymous_11)","line":272,"loc":{"start":{"line":272,"column":51},"end":{"line":272,"column":77}},"skip":true},"12":{"name":"(anonymous_12)","line":315,"loc":{"start":{"line":315,"column":32},"end":{"line":315,"column":61}},"skip":true}},"statementMap":{"1":{"start":{"line":26,"column":0},"end":{"line":326,"column":5}},"2":{"start":{"line":28,"column":4},"end":{"line":28,"column":14}},"3":{"start":{"line":33,"column":4},"end":{"line":60,"column":9}},"4":{"start":{"line":35,"column":8},"end":{"line":35,"column":19}},"5":{"start":{"line":37,"column":8},"end":{"line":49,"column":13}},"6":{"start":{"line":38,"column":12},"end":{"line":48,"column":13}},"7":{"start":{"line":39,"column":16},"end":{"line":42,"column":30}},"8":{"start":{"line":44,"column":16},"end":{"line":47,"column":27}},"9":{"start":{"line":51,"column":8},"end":{"line":53,"column":21}},"10":{"start":{"line":55,"column":8},"end":{"line":57,"column":45}},"11":{"start":{"line":59,"column":8},"end":{"line":59,"column":35}},"12":{"start":{"line":61,"column":4},"end":{"line":325,"column":5}},"13":{"start":{"line":69,"column":8},"end":{"line":121,"column":10},"skip":true},"14":{"start":{"line":70,"column":12},"end":{"line":88,"column":13},"skip":true},"15":{"start":{"line":76,"column":16},"end":{"line":87,"column":19},"skip":true},"16":{"start":{"line":79,"column":20},"end":{"line":86,"column":21},"skip":true},"17":{"start":{"line":82,"column":24},"end":{"line":82,"column":43},"skip":true},"18":{"start":{"line":83,"column":24},"end":{"line":83,"column":30},"skip":true},"19":{"start":{"line":85,"column":24},"end":{"line":85,"column":49},"skip":true},"20":{"start":{"line":89,"column":12},"end":{"line":107,"column":13},"skip":true},"21":{"start":{"line":92,"column":16},"end":{"line":102,"column":17},"skip":true},"22":{"start":{"line":93,"column":20},"end":{"line":93,"column":86},"skip":true},"23":{"start":{"line":94,"column":20},"end":{"line":95,"column":45},"skip":true},"24":{"start":{"line":96,"column":20},"end":{"line":96,"column":42},"skip":true},"25":{"start":{"line":97,"column":20},"end":{"line":97,"column":48},"skip":true},"26":{"start":{"line":100,"column":20},"end":{"line":100,"column":85},"skip":true},"27":{"start":{"line":101,"column":20},"end":{"line":101,"column":96},"skip":true},"28":{"start":{"line":103,"column":16},"end":{"line":103,"column":22},"skip":true},"29":{"start":{"line":106,"column":16},"end":{"line":106,"column":22},"skip":true},"30":{"start":{"line":108,"column":12},"end":{"line":120,"column":13},"skip":true},"31":{"start":{"line":114,"column":16},"end":{"line":119,"column":17},"skip":true},"32":{"start":{"line":116,"column":20},"end":{"line":116,"column":78},"skip":true},"33":{"start":{"line":118,"column":20},"end":{"line":118,"column":47},"skip":true},"34":{"start":{"line":123,"column":8},"end":{"line":141,"column":11},"skip":true},"35":{"start":{"line":124,"column":12},"end":{"line":124,"column":54},"skip":true},"36":{"start":{"line":125,"column":12},"end":{"line":140,"column":14},"skip":true},"37":{"start":{"line":126,"column":16},"end":{"line":126,"column":28},"skip":true},"38":{"start":{"line":127,"column":16},"end":{"line":127,"column":69},"skip":true},"39":{"start":{"line":128,"column":16},"end":{"line":128,"column":75},"skip":true},"40":{"start":{"line":129,"column":16},"end":{"line":131,"column":17},"skip":true},"41":{"start":{"line":130,"column":20},"end":{"line":130,"column":27},"skip":true},"42":{"start":{"line":133,"column":16},"end":{"line":137,"column":36},"skip":true},"43":{"start":{"line":134,"column":20},"end":{"line":136,"column":55},"skip":true},"44":{"start":{"line":139,"column":16},"end":{"line":139,"column":57},"skip":true},"45":{"start":{"line":143,"column":8},"end":{"line":147,"column":11},"skip":true},"46":{"start":{"line":144,"column":12},"end":{"line":146,"column":15},"skip":true},"47":{"start":{"line":145,"column":16},"end":{"line":145,"column":70},"skip":true},"48":{"start":{"line":149,"column":8},"end":{"line":149,"column":31},"skip":true},"49":{"start":{"line":150,"column":8},"end":{"line":150,"column":14},"skip":true},"50":{"start":{"line":158,"column":8},"end":{"line":158,"column":31},"skip":true},"51":{"start":{"line":160,"column":8},"end":{"line":160,"column":33},"skip":true},"52":{"start":{"line":161,"column":8},"end":{"line":161,"column":37},"skip":true},"53":{"start":{"line":162,"column":8},"end":{"line":162,"column":35},"skip":true},"54":{"start":{"line":164,"column":8},"end":{"line":164,"column":50},"skip":true},"55":{"start":{"line":166,"column":8},"end":{"line":256,"column":2},"skip":true},"56":{"start":{"line":258,"column":8},"end":{"line":286,"column":9},"skip":true},"57":{"start":{"line":259,"column":12},"end":{"line":269,"column":14},"skip":true},"58":{"start":{"line":271,"column":12},"end":{"line":285,"column":19},"skip":true},"59":{"start":{"line":274,"column":20},"end":{"line":274,"column":35},"skip":true},"60":{"start":{"line":275,"column":20},"end":{"line":284,"column":21},"skip":true},"61":{"start":{"line":277,"column":24},"end":{"line":277,"column":64},"skip":true},"62":{"start":{"line":279,"column":24},"end":{"line":279,"column":40},"skip":true},"63":{"start":{"line":281,"column":24},"end":{"line":281,"column":40},"skip":true},"64":{"start":{"line":283,"column":24},"end":{"line":283,"column":39},"skip":true},"65":{"start":{"line":288,"column":8},"end":{"line":290,"column":9},"skip":true},"66":{"start":{"line":289,"column":12},"end":{"line":289,"column":18},"skip":true},"67":{"start":{"line":291,"column":8},"end":{"line":293,"column":54},"skip":true},"68":{"start":{"line":296,"column":8},"end":{"line":301,"column":37},"skip":true},"69":{"start":{"line":303,"column":8},"end":{"line":303,"column":82},"skip":true},"70":{"start":{"line":306,"column":8},"end":{"line":308,"column":9},"skip":true},"71":{"start":{"line":307,"column":12},"end":{"line":307,"column":82},"skip":true},"72":{"start":{"line":310,"column":8},"end":{"line":312,"column":9},"skip":true},"73":{"start":{"line":311,"column":12},"end":{"line":311,"column":18},"skip":true},"74":{"start":{"line":313,"column":8},"end":{"line":313,"column":54},"skip":true},"75":{"start":{"line":314,"column":8},"end":{"line":314,"column":69},"skip":true},"76":{"start":{"line":315,"column":8},"end":{"line":323,"column":36},"skip":true},"77":{"start":{"line":316,"column":12},"end":{"line":316,"column":61},"skip":true},"78":{"start":{"line":317,"column":12},"end":{"line":320,"column":13},"skip":true},"79":{"start":{"line":318,"column":16},"end":{"line":318,"column":75},"skip":true},"80":{"start":{"line":319,"column":16},"end":{"line":319,"column":23},"skip":true},"81":{"start":{"line":321,"column":12},"end":{"line":321,"column":38},"skip":true},"82":{"start":{"line":322,"column":12},"end":{"line":322,"column":27},"skip":true},"83":{"start":{"line":324,"column":8},"end":{"line":324,"column":14},"skip":true}},"branchMap":{"1":{"line":39,"type":"binary-expr","locations":[{"start":{"line":39,"column":23},"end":{"line":39,"column":62}},{"start":{"line":40,"column":20},"end":{"line":40,"column":70}},{"start":{"line":41,"column":20},"end":{"line":41,"column":71}},{"start":{"line":42,"column":20},"end":{"line":42,"column":29}}]},"2":{"line":44,"type":"binary-expr","locations":[{"start":{"line":44,"column":23},"end":{"line":44,"column":37}},{"start":{"line":45,"column":20},"end":{"line":45,"column":61}},{"start":{"line":46,"column":20},"end":{"line":46,"column":70}},{"start":{"line":47,"column":20},"end":{"line":47,"column":26}}]},"3":{"line":51,"type":"cond-expr","locations":[{"start":{"line":52,"column":14},"end":{"line":52,"column":20}},{"start":{"line":53,"column":14},"end":{"line":53,"column":20}}]},"4":{"line":55,"type":"binary-expr","locations":[{"start":{"line":55,"column":16},"end":{"line":55,"column":44}},{"start":{"line":55,"column":49},"end":{"line":57,"column":43}}]},"5":{"line":55,"type":"cond-expr","locations":[{"start":{"line":56,"column":14},"end":{"line":56,"column":48}},{"start":{"line":57,"column":14},"end":{"line":57,"column":43}}]},"6":{"line":61,"type":"switch","locations":[{"start":{"line":68,"column":4},"end":{"line":150,"column":14},"skip":true},{"start":{"line":156,"column":4},"end":{"line":324,"column":14},"skip":true}]},"7":{"line":70,"type":"if","locations":[{"start":{"line":70,"column":12},"end":{"line":70,"column":12},"skip":true},{"start":{"line":70,"column":12},"end":{"line":70,"column":12},"skip":true}]},"8":{"line":70,"type":"binary-expr","locations":[{"start":{"line":70,"column":16},"end":{"line":70,"column":22},"skip":true},{"start":{"line":70,"column":27},"end":{"line":70,"column":32},"skip":true},{"start":{"line":71,"column":20},"end":{"line":71,"column":39},"skip":true},{"start":{"line":72,"column":20},"end":{"line":72,"column":49},"skip":true},{"start":{"line":73,"column":20},"end":{"line":73,"column":58},"skip":true},{"start":{"line":74,"column":20},"end":{"line":74,"column":69},"skip":true}]},"9":{"line":79,"type":"switch","locations":[{"start":{"line":80,"column":20},"end":{"line":80,"column":33},"skip":true},{"start":{"line":81,"column":20},"end":{"line":83,"column":30},"skip":true},{"start":{"line":84,"column":20},"end":{"line":85,"column":49},"skip":true}]},"10":{"line":89,"type":"switch","locations":[{"start":{"line":90,"column":12},"end":{"line":103,"column":22},"skip":true},{"start":{"line":105,"column":12},"end":{"line":106,"column":22},"skip":true}]},"11":{"line":89,"type":"binary-expr","locations":[{"start":{"line":89,"column":20},"end":{"line":89,"column":25},"skip":true},{"start":{"line":89,"column":29},"end":{"line":89,"column":48},"skip":true},{"start":{"line":89,"column":52},"end":{"line":89,"column":74},"skip":true}]},"12":{"line":92,"type":"if","locations":[{"start":{"line":92,"column":16},"end":{"line":92,"column":16},"skip":true},{"start":{"line":92,"column":16},"end":{"line":92,"column":16},"skip":true}]},"13":{"line":108,"type":"if","locations":[{"start":{"line":108,"column":12},"end":{"line":108,"column":12},"skip":true},{"start":{"line":108,"column":12},"end":{"line":108,"column":12},"skip":true}]},"14":{"line":108,"type":"binary-expr","locations":[{"start":{"line":108,"column":16},"end":{"line":108,"column":61},"skip":true},{"start":{"line":108,"column":66},"end":{"line":108,"column":72},"skip":true},{"start":{"line":108,"column":77},"end":{"line":108,"column":82},"skip":true},{"start":{"line":109,"column":20},"end":{"line":109,"column":39},"skip":true},{"start":{"line":110,"column":20},"end":{"line":110,"column":49},"skip":true},{"start":{"line":111,"column":20},"end":{"line":111,"column":58},"skip":true},{"start":{"line":112,"column":20},"end":{"line":112,"column":68},"skip":true}]},"15":{"line":129,"type":"if","locations":[{"start":{"line":129,"column":16},"end":{"line":129,"column":16},"skip":true},{"start":{"line":129,"column":16},"end":{"line":129,"column":16},"skip":true}]},"16":{"line":134,"type":"cond-expr","locations":[{"start":{"line":135,"column":26},"end":{"line":135,"column":29},"skip":true},{"start":{"line":136,"column":26},"end":{"line":136,"column":54},"skip":true}]},"17":{"line":164,"type":"binary-expr","locations":[{"start":{"line":164,"column":27},"end":{"line":164,"column":43},"skip":true},{"start":{"line":164,"column":47},"end":{"line":164,"column":49},"skip":true}]},"18":{"line":258,"type":"if","locations":[{"start":{"line":258,"column":8},"end":{"line":258,"column":8},"skip":true},{"start":{"line":258,"column":8},"end":{"line":258,"column":8},"skip":true}]},"19":{"line":275,"type":"switch","locations":[{"start":{"line":276,"column":20},"end":{"line":277,"column":64},"skip":true},{"start":{"line":278,"column":20},"end":{"line":279,"column":40},"skip":true},{"start":{"line":280,"column":20},"end":{"line":281,"column":40},"skip":true},{"start":{"line":282,"column":20},"end":{"line":283,"column":39},"skip":true}]},"20":{"line":288,"type":"if","locations":[{"start":{"line":288,"column":8},"end":{"line":288,"column":8},"skip":true},{"start":{"line":288,"column":8},"end":{"line":288,"column":8},"skip":true}]},"21":{"line":288,"type":"binary-expr","locations":[{"start":{"line":288,"column":12},"end":{"line":288,"column":40},"skip":true},{"start":{"line":288,"column":44},"end":{"line":288,"column":67},"skip":true}]},"22":{"line":292,"type":"binary-expr","locations":[{"start":{"line":292,"column":12},"end":{"line":292,"column":50},"skip":true},{"start":{"line":293,"column":12},"end":{"line":293,"column":53},"skip":true}]},"23":{"line":297,"type":"binary-expr","locations":[{"start":{"line":297,"column":12},"end":{"line":297,"column":62},"skip":true},{"start":{"line":298,"column":12},"end":{"line":301,"column":36},"skip":true}]},"24":{"line":303,"type":"binary-expr","locations":[{"start":{"line":303,"column":43},"end":{"line":303,"column":75},"skip":true},{"start":{"line":303,"column":79},"end":{"line":303,"column":81},"skip":true}]},"25":{"line":306,"type":"if","locations":[{"start":{"line":306,"column":8},"end":{"line":306,"column":8},"skip":true},{"start":{"line":306,"column":8},"end":{"line":306,"column":8},"skip":true}]},"26":{"line":310,"type":"if","locations":[{"start":{"line":310,"column":8},"end":{"line":310,"column":8},"skip":true},{"start":{"line":310,"column":8},"end":{"line":310,"column":8},"skip":true}]},"27":{"line":313,"type":"binary-expr","locations":[{"start":{"line":313,"column":27},"end":{"line":313,"column":43},"skip":true},{"start":{"line":313,"column":47},"end":{"line":313,"column":53},"skip":true}]},"28":{"line":317,"type":"if","locations":[{"start":{"line":317,"column":12},"end":{"line":317,"column":12},"skip":true},{"start":{"line":317,"column":12},"end":{"line":317,"column":12},"skip":true}]}},"code":["/*","example.js","","quickstart example","","instruction","    1. save this script as example.js","    2. run the shell command:","        $ npm install npmtest-i18n && PORT=8081 node example.js","    3. play with the browser-demo on http://127.0.0.1:8081","*/","","","","/* istanbul instrument in package npmtest_i18n */","/*jslint","    bitwise: true,","    browser: true,","    maxerr: 8,","    maxlen: 96,","    node: true,","    nomen: true,","    regexp: true,","    stupid: true","*/","(function () {","    'use strict';","    var local;","","","","    // run shared js-env code - init-before","    (function () {","        // init local","        local = {};","        // init modeJs","        local.modeJs = (function () {","            try {","                return typeof navigator.userAgent === 'string' &&","                    typeof document.querySelector('body') === 'object' &&","                    typeof XMLHttpRequest.prototype.open === 'function' &&","                    'browser';","            } catch (errorCaughtBrowser) {","                return module.exports &&","                    typeof process.versions.node === 'string' &&","                    typeof require('http').createServer === 'function' &&","                    'node';","            }","        }());","        // init global","        local.global = local.modeJs === 'browser'","            ? window","            : global;","        // init utility2_rollup","        local = local.global.utility2_rollup || (local.modeJs === 'browser'","            ? local.global.utility2_npmtest_i18n","            : global.utility2_moduleExports);","        // export local","        local.global.local = local;","    }());","    switch (local.modeJs) {","","","","    // init-after","    // run browser js-env code - init-after","    /* istanbul ignore next */","    case 'browser':","        local.testRunBrowser = function (event) {","            if (!event || (event &&","                    event.currentTarget &&","                    event.currentTarget.className &&","                    event.currentTarget.className.includes &&","                    event.currentTarget.className.includes('onreset'))) {","                // reset output","                Array.from(","                    document.querySelectorAll('body > .resettable')","                ).forEach(function (element) {","                    switch (element.tagName) {","                    case 'INPUT':","                    case 'TEXTAREA':","                        element.value = '';","                        break;","                    default:","                        element.textContent = '';","                    }","                });","            }","            switch (event && event.currentTarget && event.currentTarget.id) {","            case 'testRunButton1':","                // show tests","                if (document.querySelector('#testReportDiv1').style.display === 'none') {","                    document.querySelector('#testReportDiv1').style.display = 'block';","                    document.querySelector('#testRunButton1').textContent =","                        'hide internal test';","                    local.modeTest = true;","                    local.testRunDefault(local);","                // hide tests","                } else {","                    document.querySelector('#testReportDiv1').style.display = 'none';","                    document.querySelector('#testRunButton1').textContent = 'run internal test';","                }","                break;","            // custom-case","            default:","                break;","            }","            if (document.querySelector('#inputTextareaEval1') && (!event || (event &&","                    event.currentTarget &&","                    event.currentTarget.className &&","                    event.currentTarget.className.includes &&","                    event.currentTarget.className.includes('oneval')))) {","                // try to eval input-code","                try {","                    /*jslint evil: true*/","                    eval(document.querySelector('#inputTextareaEval1').value);","                } catch (errorCaught) {","                    console.error(errorCaught);","                }","            }","        };","        // log stderr and stdout to #outputTextareaStdout1","        ['error', 'log'].forEach(function (key) {","            console[key + '_original'] = console[key];","            console[key] = function () {","                var element;","                console[key + '_original'].apply(console, arguments);","                element = document.querySelector('#outputTextareaStdout1');","                if (!element) {","                    return;","                }","                // append text to #outputTextareaStdout1","                element.value += Array.from(arguments).map(function (arg) {","                    return typeof arg === 'string'","                        ? arg","                        : JSON.stringify(arg, null, 4);","                }).join(' ') + '\\n';","                // scroll textarea to bottom","                element.scrollTop = element.scrollHeight;","            };","        });","        // init event-handling","        ['change', 'click', 'keyup'].forEach(function (event) {","            Array.from(document.querySelectorAll('.on' + event)).forEach(function (element) {","                element.addEventListener(event, local.testRunBrowser);","            });","        });","        // run tests","        local.testRunBrowser();","        break;","","","","    // run node js-env code - init-after","    /* istanbul ignore next */","    case 'node':","        // export local","        module.exports = local;","        // require modules","        local.fs = require('fs');","        local.http = require('http');","        local.url = require('url');","        // init assets","        local.assetsDict = local.assetsDict || {};","        /* jslint-ignore-begin */","        local.assetsDict['/assets.index.template.html'] = '\\","<!doctype html>\\n\\","<html lang=\"en\">\\n\\","<head>\\n\\","<meta charset=\"UTF-8\">\\n\\","<meta name=\"viewport\" content=\"width=device-width, initial-scale=1\">\\n\\","<title>{{env.npm_package_name}} (v{{env.npm_package_version}})</title>\\n\\","<style>\\n\\","/*csslint\\n\\","    box-sizing: false,\\n\\","    universal-selector: false\\n\\","*/\\n\\","* {\\n\\","    box-sizing: border-box;\\n\\","}\\n\\","body {\\n\\","    background: #dde;\\n\\","    font-family: Arial, Helvetica, sans-serif;\\n\\","    margin: 2rem;\\n\\","}\\n\\","body > * {\\n\\","    margin-bottom: 1rem;\\n\\","}\\n\\",".utility2FooterDiv {\\n\\","    margin-top: 20px;\\n\\","    text-align: center;\\n\\","}\\n\\","</style>\\n\\","<style>\\n\\","/*csslint\\n\\","*/\\n\\","textarea {\\n\\","    font-family: monospace;\\n\\","    height: 10rem;\\n\\","    width: 100%;\\n\\","}\\n\\","textarea[readonly] {\\n\\","    background: #ddd;\\n\\","}\\n\\","</style>\\n\\","</head>\\n\\","<body>\\n\\","<!-- utility2-comment\\n\\","<div id=\"ajaxProgressDiv1\" style=\"background: #d00; height: 2px; left: 0; margin: 0; padding: 0; position: fixed; top: 0; transition: background 0.5s, width 1.5s; width: 25%;\"></div>\\n\\","utility2-comment -->\\n\\","<h1>\\n\\","<!-- utility2-comment\\n\\","    <a\\n\\","        {{#if env.npm_package_homepage}}\\n\\","        href=\"{{env.npm_package_homepage}}\"\\n\\","        {{/if env.npm_package_homepage}}\\n\\","        target=\"_blank\"\\n\\","    >\\n\\","utility2-comment -->\\n\\","        {{env.npm_package_name}} (v{{env.npm_package_version}})\\n\\","<!-- utility2-comment\\n\\","    </a>\\n\\","utility2-comment -->\\n\\","</h1>\\n\\","<h3>{{env.npm_package_description}}</h3>\\n\\","<!-- utility2-comment\\n\\","<h4><a download href=\"assets.app.js\">download standalone app</a></h4>\\n\\","<button class=\"onclick onreset\" id=\"testRunButton1\">run internal test</button><br>\\n\\","<div id=\"testReportDiv1\" style=\"display: none;\"></div>\\n\\","utility2-comment -->\\n\\","\\n\\","\\n\\","\\n\\","<label>stderr and stdout</label>\\n\\","<textarea class=\"resettable\" id=\"outputTextareaStdout1\" readonly></textarea>\\n\\","<!-- utility2-comment\\n\\","{{#if isRollup}}\\n\\","<script src=\"assets.app.js\"></script>\\n\\","{{#unless isRollup}}\\n\\","utility2-comment -->\\n\\","<script src=\"assets.utility2.rollup.js\"></script>\\n\\","<script src=\"jsonp.utility2._stateInit?callback=window.utility2._stateInit\"></script>\\n\\","<script src=\"assets.npmtest_i18n.rollup.js\"></script>\\n\\","<script src=\"assets.example.js\"></script>\\n\\","<script src=\"assets.test.js\"></script>\\n\\","<!-- utility2-comment\\n\\","{{/if isRollup}}\\n\\","utility2-comment -->\\n\\","<div class=\"utility2FooterDiv\">\\n\\","    [ this app was created with\\n\\","    <a href=\"https://github.com/kaizhu256/node-utility2\" target=\"_blank\">utility2</a>\\n\\","    ]\\n\\","</div>\\n\\","</body>\\n\\","</html>\\n\\","';","        /* jslint-ignore-end */","        if (local.templateRender) {","            local.assetsDict['/'] = local.templateRender(","                local.assetsDict['/assets.index.template.html'],","                {","                    env: local.objectSetDefault(local.env, {","                        npm_package_description: 'the greatest app in the world!',","                        npm_package_name: 'my-app',","                        npm_package_nameAlias: 'my_app',","                        npm_package_version: '0.0.1'","                    })","                }","            );","        } else {","            local.assetsDict['/'] = local.assetsDict['/assets.index.template.html']","                .replace((/\\{\\{env\\.(\\w+?)\\}\\}/g), function (match0, match1) {","                    // jslint-hack","                    String(match0);","                    switch (match1) {","                    case 'npm_package_description':","                        return 'the greatest app in the world!';","                    case 'npm_package_name':","                        return 'my-app';","                    case 'npm_package_nameAlias':","                        return 'my_app';","                    case 'npm_package_version':","                        return '0.0.1';","                    }","                });","        }","        // run the cli","        if (local.global.utility2_rollup || module !== require.main) {","            break;","        }","        local.assetsDict['/assets.example.js'] =","            local.assetsDict['/assets.example.js'] ||","            local.fs.readFileSync(__filename, 'utf8');","        // bug-workaround - long $npm_package_buildCustomOrg","        /* jslint-ignore-begin */","        local.assetsDict['/assets.npmtest_i18n.rollup.js'] =","            local.assetsDict['/assets.npmtest_i18n.rollup.js'] ||","            local.fs.readFileSync(","                local.npmtest_i18n.__dirname + '/lib.npmtest_i18n.js',","                'utf8'","            ).replace((/^#!/), '//');","        /* jslint-ignore-end */","        local.assetsDict['/favicon.ico'] = local.assetsDict['/favicon.ico'] || '';","        // if $npm_config_timeout_exit exists,","        // then exit this process after $npm_config_timeout_exit ms","        if (Number(process.env.npm_config_timeout_exit)) {","            setTimeout(process.exit, Number(process.env.npm_config_timeout_exit));","        }","        // start server","        if (local.global.utility2_serverHttp1) {","            break;","        }","        process.env.PORT = process.env.PORT || '8081';","        console.error('server starting on port ' + process.env.PORT);","        local.http.createServer(function (request, response) {","            request.urlParsed = local.url.parse(request.url);","            if (local.assetsDict[request.urlParsed.pathname] !== undefined) {","                response.end(local.assetsDict[request.urlParsed.pathname]);","                return;","            }","            response.statusCode = 404;","            response.end();","        }).listen(process.env.PORT);","        break;","    }","}());",""],"l":{"26":2,"28":2,"33":2,"35":2,"37":2,"38":2,"39":2,"44":1,"51":2,"55":2,"59":2,"61":2,"69":1,"70":2,"76":2,"79":2,"82":2,"83":2,"85":1,"89":2,"92":1,"93":1,"94":1,"96":1,"97":1,"100":1,"101":1,"103":1,"106":1,"108":2,"114":1,"116":1,"118":1,"123":1,"124":2,"125":2,"126":3,"127":3,"128":3,"129":3,"130":1,"133":3,"134":3,"139":3,"143":1,"144":3,"145":1,"149":1,"150":1,"158":1,"160":1,"161":1,"162":1,"164":1,"166":1,"258":1,"259":1,"271":1,"274":6,"275":6,"277":1,"279":2,"281":1,"283":2,"288":1,"289":1,"291":1,"296":1,"303":1,"306":1,"307":1,"310":1,"311":1,"313":1,"314":1,"315":1,"316":1,"317":1,"318":1,"319":1,"321":1,"322":1,"324":1}},"/home/travis/build/npmtest/node-npmtest-i18n/node_modules/i18n/index.js":{"path":"/home/travis/build/npmtest/node-npmtest-i18n/node_modules/i18n/index.js","s":{"1":1},"b":{},"f":{},"fnMap":{},"statementMap":{"1":{"start":{"line":1,"column":0},"end":{"line":1,"column":35}}},"branchMap":{},"code":["module.exports = require('./i18n');",""],"l":{"1":1}},"/home/travis/build/npmtest/node-npmtest-i18n/node_modules/i18n/i18n.js":{"path":"/home/travis/build/npmtest/node-npmtest-i18n/node_modules/i18n/i18n.js","s":{"1":1,"2":1,"3":1,"4":1,"5":1,"6":1,"7":1,"8":0,"9":0,"10":0,"11":0,"12":0,"13":0,"14":0,"15":0,"16":0,"17":0,"18":0,"19":0,"20":0,"21":0,"22":0,"23":0,"24":0,"25":0,"26":0,"27":0,"28":0,"29":0,"30":0,"31":0,"32":0,"33":0,"34":0,"35":0,"36":0,"37":0,"38":0,"39":0,"40":0,"41":0,"42":0,"43":0,"44":0,"45":0,"46":0,"47":0,"48":0,"49":0,"50":1,"51":0,"52":0,"53":0,"54":0,"55":0,"56":0,"57":0,"58":0,"59":0,"60":0,"61":1,"62":0,"63":0,"64":0,"65":0,"66":0,"67":0,"68":0,"69":0,"70":0,"71":0,"72":0,"73":0,"74":0,"75":1,"76":0,"77":0,"78":0,"79":0,"80":0,"81":0,"82":0,"83":0,"84":0,"85":0,"86":0,"87":0,"88":0,"89":0,"90":0,"91":0,"92":0,"93":0,"94":0,"95":0,"96":0,"97":0,"98":1,"99":0,"100":0,"101":0,"102":0,"103":1,"104":0,"105":0,"106":0,"107":0,"108":0,"109":0,"110":1,"111":0,"112":0,"113":0,"114":0,"115":0,"116":0,"117":0,"118":0,"119":0,"120":0,"121":0,"122":0,"123":0,"124":0,"125":0,"126":0,"127":0,"128":0,"129":0,"130":0,"131":0,"132":0,"133":0,"134":0,"135":0,"136":0,"137":0,"138":0,"139":0,"140":0,"141":0,"142":0,"143":0,"144":0,"145":0,"146":0,"147":1,"148":0,"149":0,"150":0,"151":0,"152":0,"153":0,"154":0,"155":0,"156":0,"157":0,"158":0,"159":0,"160":0,"161":0,"162":0,"163":0,"164":0,"165":0,"166":0,"167":0,"168":0,"169":0,"170":0,"171":0,"172":0,"173":0,"174":0,"175":0,"176":1,"177":0,"178":0,"179":0,"180":1,"181":0,"182":0,"183":0,"184":0,"185":0,"186":0,"187":0,"188":0,"189":0,"190":0,"191":0,"192":0,"193":0,"194":0,"195":0,"196":0,"197":0,"198":0,"199":0,"200":1,"201":0,"202":1,"203":0,"204":1,"205":0,"206":1,"207":0,"208":0,"209":0,"210":0,"211":0,"212":0,"213":0,"214":0,"215":0,"216":1,"217":0,"218":1,"219":0,"220":0,"221":0,"222":0,"223":0,"224":0,"225":0,"226":1,"227":0,"228":0,"229":0,"230":0,"231":0,"232":0,"233":0,"234":0,"235":0,"236":0,"237":0,"238":0,"239":0,"240":0,"241":0,"242":1,"243":0,"244":0,"245":0,"246":0,"247":0,"248":0,"249":0,"250":0,"251":0,"252":1,"253":0,"254":0,"255":0,"256":0,"257":0,"258":0,"259":0,"260":1,"261":0,"262":0,"263":0,"264":0,"265":0,"266":0,"267":0,"268":0,"269":0,"270":0,"271":0,"272":0,"273":0,"274":0,"275":0,"276":0,"277":0,"278":0,"279":0,"280":0,"281":0,"282":0,"283":0,"284":0,"285":0,"286":0,"287":0,"288":0,"289":0,"290":0,"291":0,"292":0,"293":0,"294":0,"295":0,"296":0,"297":0,"298":0,"299":0,"300":0,"301":0,"302":0,"303":0,"304":1,"305":0,"306":0,"307":0,"308":0,"309":0,"310":0,"311":0,"312":0,"313":0,"314":0,"315":0,"316":1,"317":0,"318":0,"319":0,"320":0,"321":0,"322":0,"323":1,"324":0,"325":0,"326":0,"327":0,"328":0,"329":0,"330":0,"331":0,"332":0,"333":0,"334":1,"335":0,"336":0,"337":0,"338":0,"339":0,"340":0,"341":0,"342":0,"343":1,"344":0,"345":0,"346":0,"347":0,"348":0,"349":0,"350":0,"351":0,"352":0,"353":0,"354":0,"355":0,"356":0,"357":0,"358":0,"359":0,"360":0,"361":0,"362":0,"363":0,"364":0,"365":0,"366":0,"367":0,"368":0,"369":0,"370":0,"371":0,"372":0,"373":0,"374":0,"375":0,"376":0,"377":0,"378":0,"379":1,"380":0,"381":0,"382":1,"383":0,"384":0,"385":0,"386":0,"387":0,"388":0,"389":0,"390":0,"391":0,"392":0,"393":0,"394":0,"395":0,"396":0,"397":0,"398":0,"399":0,"400":0,"401":0,"402":0,"403":0,"404":0,"405":1,"406":0,"407":0,"408":0,"409":0,"410":0,"411":0,"412":0,"413":0,"414":0,"415":0,"416":0,"417":0,"418":0,"419":0,"420":0,"421":0,"422":0,"423":0,"424":0,"425":0,"426":0,"427":0,"428":0,"429":0,"430":0,"431":0,"432":0,"433":0,"434":0,"435":0,"436":0,"437":0,"438":0,"439":1,"440":0,"441":0,"442":0,"443":0,"444":0,"445":0,"446":0,"447":0,"448":0,"449":0,"450":0,"451":0,"452":1,"453":0,"454":0,"455":0,"456":0,"457":0,"458":0,"459":0,"460":0,"461":0,"462":0,"463":0,"464":0,"465":0,"466":0,"467":0,"468":0,"469":0,"470":0,"471":1,"472":0,"473":0,"474":0,"475":0,"476":0,"477":0,"478":0,"479":0,"480":1,"481":0,"482":1,"483":0,"484":1,"485":0,"486":1},"b":{"1":[0,0],"2":[0,0],"3":[0,0],"4":[0,0],"5":[0,0],"6":[0,0],"7":[0,0],"8":[0,0],"9":[0,0],"10":[0,0],"11":[0,0],"12":[0,0],"13":[0,0],"14":[0,0],"15":[0,0],"16":[0,0],"17":[0,0],"18":[0,0],"19":[0,0],"20":[0,0],"21":[0,0],"22":[0,0],"23":[0,0],"24":[0,0],"25":[0,0],"26":[0,0],"27":[0,0],"28":[0,0],"29":[0,0],"30":[0,0],"31":[0,0],"32":[0,0],"33":[0,0],"34":[0,0],"35":[0,0],"36":[0,0],"37":[0,0],"38":[0,0],"39":[0,0],"40":[0,0],"41":[0,0],"42":[0,0],"43":[0,0],"44":[0,0],"45":[0,0],"46":[0,0],"47":[0,0],"48":[0,0],"49":[0,0,0],"50":[0,0],"51":[0,0],"52":[0,0],"53":[0,0],"54":[0,0],"55":[0,0],"56":[0,0],"57":[0,0],"58":[0,0],"59":[0,0],"60":[0,0],"61":[0,0],"62":[0,0],"63":[0,0],"64":[0,0],"65":[0,0],"66":[0,0],"67":[0,0],"68":[0,0],"69":[0,0],"70":[0,0],"71":[0,0],"72":[0,0],"73":[0,0],"74":[0,0],"75":[0,0],"76":[0,0],"77":[0,0],"78":[0,0],"79":[0,0],"80":[0,0],"81":[0,0],"82":[0,0,0],"83":[0,0],"84":[0,0,0],"85":[0,0],"86":[0,0,0],"87":[0,0],"88":[0,0,0,0],"89":[0,0],"90":[0,0],"91":[0,0],"92":[0,0],"93":[0,0],"94":[0,0],"95":[0,0],"96":[0,0],"97":[0,0],"98":[0,0],"99":[0,0],"100":[0,0,0],"101":[0,0,0],"102":[0,0],"103":[0,0],"104":[0,0],"105":[0,0],"106":[0,0],"107":[0,0],"108":[0,0],"109":[0,0],"110":[0,0],"111":[0,0],"112":[0,0],"113":[0,0],"114":[0,0],"115":[0,0],"116":[0,0],"117":[0,0],"118":[0,0],"119":[0,0],"120":[0,0],"121":[0,0],"122":[0,0,0],"123":[0,0],"124":[0,0],"125":[0,0],"126":[0,0],"127":[0,0],"128":[0,0],"129":[0,0],"130":[0,0],"131":[0,0],"132":[0,0],"133":[0,0],"134":[0,0],"135":[0,0],"136":[0,0,0],"137":[0,0],"138":[0,0],"139":[0,0],"140":[0,0],"141":[0,0],"142":[0,0],"143":[0,0],"144":[0,0],"145":[0,0],"146":[0,0],"147":[0,0],"148":[0,0],"149":[0,0],"150":[0,0],"151":[0,0],"152":[0,0],"153":[0,0],"154":[0,0],"155":[0,0],"156":[0,0],"157":[0,0],"158":[0,0],"159":[0,0],"160":[0,0],"161":[0,0],"162":[0,0],"163":[0,0],"164":[0,0],"165":[0,0],"166":[0,0],"167":[0,0],"168":[0,0],"169":[0,0],"170":[0,0],"171":[0,0],"172":[0,0,0],"173":[0,0],"174":[0,0],"175":[0,0],"176":[0,0],"177":[0,0],"178":[0,0],"179":[0,0],"180":[0,0,0],"181":[0,0],"182":[0,0],"183":[0,0],"184":[0,0],"185":[0,0],"186":[0,0],"187":[0,0],"188":[0,0],"189":[0,0],"190":[0,0],"191":[0,0],"192":[0,0],"193":[0,0]},"f":{"1":1,"2":0,"3":0,"4":0,"5":0,"6":0,"7":0,"8":0,"9":0,"10":0,"11":0,"12":0,"13":0,"14":0,"15":0,"16":0,"17":0,"18":0,"19":0,"20":0,"21":0,"22":0,"23":0,"24":0,"25":0,"26":0,"27":0,"28":0,"29":0,"30":0,"31":0,"32":0,"33":0,"34":0,"35":0,"36":0,"37":0,"38":0,"39":0,"40":0,"41":0,"42":0,"43":0,"44":0,"45":0,"46":0,"47":0,"48":0,"49":0,"50":0,"51":0,"52":0,"53":0,"54":0,"55":0,"56":0,"57":0,"58":0},"fnMap":{"1":{"name":"(anonymous_1)","line":27,"loc":{"start":{"line":27,"column":18},"end":{"line":27,"column":29}}},"2":{"name":"i18nConfigure","line":71,"loc":{"start":{"line":71,"column":19},"end":{"line":71,"column":47}}},"3":{"name":"(anonymous_3)","line":95,"loc":{"start":{"line":95,"column":25},"end":{"line":95,"column":37}}},"4":{"name":"(anonymous_4)","line":156,"loc":{"start":{"line":156,"column":26},"end":{"line":156,"column":38}}},"5":{"name":"(anonymous_5)","line":164,"loc":{"start":{"line":164,"column":28},"end":{"line":164,"column":54}}},"6":{"name":"i18nInit","line":177,"loc":{"start":{"line":177,"column":14},"end":{"line":177,"column":57}}},"7":{"name":"i18nTranslate","line":205,"loc":{"start":{"line":205,"column":12},"end":{"line":205,"column":43}}},"8":{"name":"i18nMessageformat","line":237,"loc":{"start":{"line":237,"column":14},"end":{"line":237,"column":49}}},"9":{"name":"i18nTranslationList","line":282,"loc":{"start":{"line":282,"column":13},"end":{"line":282,"column":50}}},"10":{"name":"(anonymous_10)","line":284,"loc":{"start":{"line":284,"column":40},"end":{"line":284,"column":52}}},"11":{"name":"i18nTranslationHash","line":290,"loc":{"start":{"line":290,"column":13},"end":{"line":290,"column":50}}},"12":{"name":"(anonymous_12)","line":292,"loc":{"start":{"line":292,"column":40},"end":{"line":292,"column":52}}},"13":{"name":"i18nTranslatePlural","line":300,"loc":{"start":{"line":300,"column":13},"end":{"line":300,"column":67}}},"14":{"name":"(anonymous_14)","line":368,"loc":{"start":{"line":368,"column":18},"end":{"line":368,"column":30}}},"15":{"name":"i18nSetLocale","line":382,"loc":{"start":{"line":382,"column":19},"end":{"line":382,"column":79}}},"16":{"name":"(anonymous_16)","line":413,"loc":{"start":{"line":413,"column":25},"end":{"line":413,"column":37}}},"17":{"name":"i18nGetLocale","line":452,"loc":{"start":{"line":452,"column":19},"end":{"line":452,"column":51}}},"18":{"name":"i18nGetCatalog","line":463,"loc":{"start":{"line":463,"column":20},"end":{"line":463,"column":60}}},"19":{"name":"i18nGetLocales","line":511,"loc":{"start":{"line":511,"column":20},"end":{"line":511,"column":46}}},"20":{"name":"i18nAddLocale","line":515,"loc":{"start":{"line":515,"column":19},"end":{"line":515,"column":50}}},"21":{"name":"i18nRemoveLocale","line":519,"loc":{"start":{"line":519,"column":22},"end":{"line":519,"column":56}}},"22":{"name":"(anonymous_22)","line":527,"loc":{"start":{"line":527,"column":20},"end":{"line":527,"column":60}}},"23":{"name":"(anonymous_23)","line":553,"loc":{"start":{"line":553,"column":31},"end":{"line":553,"column":46}}},"24":{"name":"(anonymous_24)","line":559,"loc":{"start":{"line":559,"column":18},"end":{"line":559,"column":33}}},"25":{"name":"(anonymous_25)","line":576,"loc":{"start":{"line":576,"column":25},"end":{"line":576,"column":42}}},"26":{"name":"(anonymous_26)","line":617,"loc":{"start":{"line":617,"column":21},"end":{"line":617,"column":41}}},"27":{"name":"(anonymous_27)","line":633,"loc":{"start":{"line":633,"column":28},"end":{"line":633,"column":47}}},"28":{"name":"(anonymous_28)","line":646,"loc":{"start":{"line":646,"column":22},"end":{"line":646,"column":40}}},"29":{"name":"(anonymous_29)","line":737,"loc":{"start":{"line":737,"column":39},"end":{"line":737,"column":56}}},"30":{"name":"parseLanguagePreference","line":740,"loc":{"start":{"line":740,"column":25},"end":{"line":740,"column":64}}},"31":{"name":"(anonymous_31)","line":751,"loc":{"start":{"line":751,"column":14},"end":{"line":751,"column":29}}},"32":{"name":"sortLanguages","line":753,"loc":{"start":{"line":753,"column":12},"end":{"line":753,"column":41}}},"33":{"name":"(anonymous_33)","line":762,"loc":{"start":{"line":762,"column":28},"end":{"line":762,"column":42}}},"34":{"name":"(anonymous_34)","line":776,"loc":{"start":{"line":776,"column":28},"end":{"line":776,"column":52}}},"35":{"name":"(anonymous_35)","line":781,"loc":{"start":{"line":781,"column":17},"end":{"line":781,"column":29}}},"36":{"name":"(anonymous_36)","line":806,"loc":{"start":{"line":806,"column":22},"end":{"line":806,"column":49}}},"37":{"name":"(anonymous_37)","line":825,"loc":{"start":{"line":825,"column":18},"end":{"line":825,"column":73}}},"38":{"name":"(anonymous_38)","line":903,"loc":{"start":{"line":903,"column":23},"end":{"line":903,"column":50}}},"39":{"name":"(anonymous_39)","line":923,"loc":{"start":{"line":923,"column":23},"end":{"line":923,"column":73}}},"40":{"name":"(anonymous_40)","line":935,"loc":{"start":{"line":935,"column":25},"end":{"line":935,"column":36}}},"41":{"name":"(anonymous_41)","line":941,"loc":{"start":{"line":941,"column":44},"end":{"line":941,"column":68}}},"42":{"name":"(anonymous_42)","line":953,"loc":{"start":{"line":953,"column":19},"end":{"line":953,"column":30}}},"43":{"name":"(anonymous_43)","line":961,"loc":{"start":{"line":961,"column":13},"end":{"line":961,"column":24}}},"44":{"name":"(anonymous_44)","line":970,"loc":{"start":{"line":970,"column":13},"end":{"line":970,"column":24}}},"45":{"name":"(anonymous_45)","line":989,"loc":{"start":{"line":989,"column":22},"end":{"line":989,"column":65}}},"46":{"name":"(anonymous_46)","line":1001,"loc":{"start":{"line":1001,"column":25},"end":{"line":1001,"column":36}}},"47":{"name":"(anonymous_47)","line":1005,"loc":{"start":{"line":1005,"column":22},"end":{"line":1005,"column":33}}},"48":{"name":"(anonymous_48)","line":1011,"loc":{"start":{"line":1011,"column":44},"end":{"line":1011,"column":68}}},"49":{"name":"(anonymous_49)","line":1033,"loc":{"start":{"line":1033,"column":19},"end":{"line":1033,"column":35}}},"50":{"name":"(anonymous_50)","line":1038,"loc":{"start":{"line":1038,"column":20},"end":{"line":1038,"column":31}}},"51":{"name":"(anonymous_51)","line":1049,"loc":{"start":{"line":1049,"column":13},"end":{"line":1049,"column":29}}},"52":{"name":"(anonymous_52)","line":1059,"loc":{"start":{"line":1059,"column":13},"end":{"line":1059,"column":29}}},"53":{"name":"(anonymous_53)","line":1069,"loc":{"start":{"line":1069,"column":13},"end":{"line":1069,"column":30}}},"54":{"name":"(anonymous_54)","line":1101,"loc":{"start":{"line":1101,"column":14},"end":{"line":1101,"column":31}}},"55":{"name":"(anonymous_55)","line":1143,"loc":{"start":{"line":1143,"column":27},"end":{"line":1143,"column":44}}},"56":{"name":"logDebug","line":1164,"loc":{"start":{"line":1164,"column":2},"end":{"line":1164,"column":25}}},"57":{"name":"logWarn","line":1168,"loc":{"start":{"line":1168,"column":2},"end":{"line":1168,"column":24}}},"58":{"name":"logError","line":1172,"loc":{"start":{"line":1172,"column":2},"end":{"line":1172,"column":25}}}},"statementMap":{"1":{"start":{"line":12,"column":0},"end":{"line":24,"column":58}},"2":{"start":{"line":27,"column":0},"end":{"line":1178,"column":5}},"3":{"start":{"line":29,"column":2},"end":{"line":62,"column":14}},"4":{"start":{"line":65,"column":2},"end":{"line":65,"column":16}},"5":{"start":{"line":67,"column":2},"end":{"line":67,"column":25}},"6":{"start":{"line":69,"column":2},"end":{"line":69,"column":25}},"7":{"start":{"line":71,"column":2},"end":{"line":175,"column":4}},"8":{"start":{"line":74,"column":4},"end":{"line":74,"column":17}},"9":{"start":{"line":78,"column":4},"end":{"line":87,"column":5}},"10":{"start":{"line":79,"column":6},"end":{"line":86,"column":7}},"11":{"start":{"line":80,"column":8},"end":{"line":85,"column":9}},"12":{"start":{"line":81,"column":10},"end":{"line":81,"column":38}},"13":{"start":{"line":82,"column":10},"end":{"line":84,"column":11}},"14":{"start":{"line":83,"column":12},"end":{"line":83,"column":32}},"15":{"start":{"line":90,"column":4},"end":{"line":101,"column":5}},"16":{"start":{"line":91,"column":6},"end":{"line":91,"column":30}},"17":{"start":{"line":93,"column":6},"end":{"line":100,"column":7}},"18":{"start":{"line":94,"column":8},"end":{"line":94,"column":32}},"19":{"start":{"line":95,"column":8},"end":{"line":97,"column":11}},"20":{"start":{"line":96,"column":10},"end":{"line":96,"column":30}},"21":{"start":{"line":99,"column":8},"end":{"line":99,"column":39}},"22":{"start":{"line":104,"column":4},"end":{"line":104,"column":70}},"23":{"start":{"line":107,"column":4},"end":{"line":107,"column":90}},"24":{"start":{"line":110,"column":4},"end":{"line":111,"column":54}},"25":{"start":{"line":114,"column":4},"end":{"line":115,"column":51}},"26":{"start":{"line":118,"column":4},"end":{"line":118,"column":82}},"27":{"start":{"line":121,"column":4},"end":{"line":121,"column":77}},"28":{"start":{"line":124,"column":4},"end":{"line":124,"column":66}},"29":{"start":{"line":127,"column":4},"end":{"line":127,"column":64}},"30":{"start":{"line":130,"column":4},"end":{"line":130,"column":78}},"31":{"start":{"line":133,"column":4},"end":{"line":133,"column":87}},"32":{"start":{"line":136,"column":4},"end":{"line":136,"column":80}},"33":{"start":{"line":139,"column":4},"end":{"line":139,"column":94}},"34":{"start":{"line":140,"column":4},"end":{"line":140,"column":54}},"35":{"start":{"line":140,"column":33},"end":{"line":140,"column":54}},"36":{"start":{"line":143,"column":4},"end":{"line":143,"column":73}},"37":{"start":{"line":146,"column":4},"end":{"line":146,"column":81}},"38":{"start":{"line":147,"column":4},"end":{"line":147,"column":77}},"39":{"start":{"line":148,"column":4},"end":{"line":148,"column":81}},"40":{"start":{"line":151,"column":4},"end":{"line":151,"column":57}},"41":{"start":{"line":154,"column":4},"end":{"line":174,"column":5}},"42":{"start":{"line":156,"column":6},"end":{"line":158,"column":9}},"43":{"start":{"line":157,"column":8},"end":{"line":157,"column":16}},"44":{"start":{"line":161,"column":6},"end":{"line":173,"column":7}},"45":{"start":{"line":164,"column":8},"end":{"line":172,"column":11}},"46":{"start":{"line":165,"column":10},"end":{"line":165,"column":61}},"47":{"start":{"line":167,"column":10},"end":{"line":170,"column":11}},"48":{"start":{"line":168,"column":12},"end":{"line":168,"column":71}},"49":{"start":{"line":169,"column":12},"end":{"line":169,"column":33}},"50":{"start":{"line":177,"column":2},"end":{"line":203,"column":4}},"51":{"start":{"line":178,"column":4},"end":{"line":190,"column":5}},"52":{"start":{"line":181,"column":6},"end":{"line":181,"column":29}},"53":{"start":{"line":184,"column":6},"end":{"line":184,"column":32}},"54":{"start":{"line":187,"column":6},"end":{"line":187,"column":46}},"55":{"start":{"line":189,"column":6},"end":{"line":189,"column":97}},"56":{"start":{"line":192,"column":4},"end":{"line":197,"column":5}},"57":{"start":{"line":193,"column":6},"end":{"line":193,"column":33}},"58":{"start":{"line":196,"column":6},"end":{"line":196,"column":47}},"59":{"start":{"line":200,"column":4},"end":{"line":202,"column":5}},"60":{"start":{"line":201,"column":6},"end":{"line":201,"column":20}},"61":{"start":{"line":205,"column":2},"end":{"line":235,"column":4}},"62":{"start":{"line":206,"column":4},"end":{"line":206,"column":12}},"63":{"start":{"line":207,"column":4},"end":{"line":207,"column":36}},"64":{"start":{"line":208,"column":4},"end":{"line":208,"column":30}},"65":{"start":{"line":209,"column":4},"end":{"line":209,"column":23}},"66":{"start":{"line":212,"column":4},"end":{"line":221,"column":5}},"67":{"start":{"line":213,"column":6},"end":{"line":215,"column":7}},"68":{"start":{"line":214,"column":8},"end":{"line":214,"column":54}},"69":{"start":{"line":220,"column":6},"end":{"line":220,"column":57}},"70":{"start":{"line":224,"column":4},"end":{"line":226,"column":5}},"71":{"start":{"line":225,"column":6},"end":{"line":225,"column":20}},"72":{"start":{"line":229,"column":4},"end":{"line":231,"column":5}},"73":{"start":{"line":230,"column":6},"end":{"line":230,"column":22}},"74":{"start":{"line":234,"column":4},"end":{"line":234,"column":47}},"75":{"start":{"line":237,"column":2},"end":{"line":280,"column":4}},"76":{"start":{"line":238,"column":4},"end":{"line":238,"column":19}},"77":{"start":{"line":239,"column":4},"end":{"line":239,"column":37}},"78":{"start":{"line":240,"column":4},"end":{"line":240,"column":36}},"79":{"start":{"line":241,"column":4},"end":{"line":241,"column":30}},"80":{"start":{"line":242,"column":4},"end":{"line":242,"column":23}},"81":{"start":{"line":245,"column":4},"end":{"line":256,"column":5}},"82":{"start":{"line":246,"column":6},"end":{"line":249,"column":7}},"83":{"start":{"line":247,"column":8},"end":{"line":247,"column":28}},"84":{"start":{"line":248,"column":8},"end":{"line":248,"column":37}},"85":{"start":{"line":254,"column":6},"end":{"line":254,"column":19}},"86":{"start":{"line":255,"column":6},"end":{"line":255,"column":47}},"87":{"start":{"line":258,"column":4},"end":{"line":258,"column":39}},"88":{"start":{"line":263,"column":4},"end":{"line":269,"column":5}},"89":{"start":{"line":264,"column":6},"end":{"line":264,"column":56}},"90":{"start":{"line":266,"column":6},"end":{"line":266,"column":43}},"91":{"start":{"line":267,"column":6},"end":{"line":267,"column":32}},"92":{"start":{"line":268,"column":6},"end":{"line":268,"column":56}},"93":{"start":{"line":272,"column":4},"end":{"line":277,"column":5}},"94":{"start":{"line":273,"column":6},"end":{"line":273,"column":36}},"95":{"start":{"line":275,"column":6},"end":{"line":275,"column":26}},"96":{"start":{"line":276,"column":6},"end":{"line":276,"column":36}},"97":{"start":{"line":279,"column":4},"end":{"line":279,"column":58}},"98":{"start":{"line":282,"column":2},"end":{"line":288,"column":4}},"99":{"start":{"line":283,"column":4},"end":{"line":283,"column":26}},"100":{"start":{"line":284,"column":4},"end":{"line":286,"column":7}},"101":{"start":{"line":285,"column":6},"end":{"line":285,"column":64}},"102":{"start":{"line":287,"column":4},"end":{"line":287,"column":24}},"103":{"start":{"line":290,"column":2},"end":{"line":298,"column":4}},"104":{"start":{"line":291,"column":4},"end":{"line":291,"column":26}},"105":{"start":{"line":292,"column":4},"end":{"line":296,"column":7}},"106":{"start":{"line":293,"column":6},"end":{"line":293,"column":20}},"107":{"start":{"line":294,"column":6},"end":{"line":294,"column":55}},"108":{"start":{"line":295,"column":6},"end":{"line":295,"column":30}},"109":{"start":{"line":297,"column":4},"end":{"line":297,"column":24}},"110":{"start":{"line":300,"column":2},"end":{"line":380,"column":4}},"111":{"start":{"line":301,"column":4},"end":{"line":301,"column":50}},"112":{"start":{"line":304,"column":4},"end":{"line":310,"column":5}},"113":{"start":{"line":305,"column":6},"end":{"line":305,"column":52}},"114":{"start":{"line":306,"column":6},"end":{"line":306,"column":87}},"115":{"start":{"line":308,"column":6},"end":{"line":308,"column":23}},"116":{"start":{"line":309,"column":6},"end":{"line":309,"column":83}},"117":{"start":{"line":313,"column":4},"end":{"line":351,"column":5}},"118":{"start":{"line":314,"column":6},"end":{"line":321,"column":7}},"119":{"start":{"line":319,"column":8},"end":{"line":319,"column":39}},"120":{"start":{"line":320,"column":8},"end":{"line":320,"column":77}},"121":{"start":{"line":322,"column":6},"end":{"line":322,"column":26}},"122":{"start":{"line":325,"column":6},"end":{"line":327,"column":7}},"123":{"start":{"line":326,"column":8},"end":{"line":326,"column":23}},"124":{"start":{"line":330,"column":6},"end":{"line":333,"column":7}},"125":{"start":{"line":331,"column":8},"end":{"line":331,"column":31}},"126":{"start":{"line":332,"column":8},"end":{"line":332,"column":29}},"127":{"start":{"line":336,"column":6},"end":{"line":346,"column":7}},"128":{"start":{"line":337,"column":8},"end":{"line":337,"column":23}},"129":{"start":{"line":342,"column":8},"end":{"line":342,"column":26}},"130":{"start":{"line":344,"column":8},"end":{"line":344,"column":28}},"131":{"start":{"line":345,"column":8},"end":{"line":345,"column":29}},"132":{"start":{"line":349,"column":6},"end":{"line":349,"column":67}},"133":{"start":{"line":350,"column":6},"end":{"line":350,"column":47}},"134":{"start":{"line":353,"column":4},"end":{"line":353,"column":50}},"135":{"start":{"line":353,"column":24},"end":{"line":353,"column":50}},"136":{"start":{"line":356,"column":4},"end":{"line":356,"column":32}},"137":{"start":{"line":359,"column":4},"end":{"line":376,"column":5}},"138":{"start":{"line":360,"column":6},"end":{"line":360,"column":12}},"139":{"start":{"line":363,"column":6},"end":{"line":372,"column":7}},"140":{"start":{"line":364,"column":8},"end":{"line":364,"column":43}},"141":{"start":{"line":367,"column":8},"end":{"line":368,"column":54}},"142":{"start":{"line":368,"column":32},"end":{"line":368,"column":50}},"143":{"start":{"line":370,"column":8},"end":{"line":370,"column":50}},"144":{"start":{"line":371,"column":8},"end":{"line":371,"column":43}},"145":{"start":{"line":375,"column":6},"end":{"line":375,"column":39}},"146":{"start":{"line":379,"column":4},"end":{"line":379,"column":54}},"147":{"start":{"line":382,"column":2},"end":{"line":450,"column":4}},"148":{"start":{"line":385,"column":4},"end":{"line":390,"column":5}},"149":{"start":{"line":386,"column":6},"end":{"line":388,"column":7}},"150":{"start":{"line":387,"column":8},"end":{"line":387,"column":48}},"151":{"start":{"line":389,"column":6},"end":{"line":389,"column":39}},"152":{"start":{"line":393,"column":4},"end":{"line":393,"column":30}},"153":{"start":{"line":394,"column":4},"end":{"line":394,"column":30}},"154":{"start":{"line":397,"column":4},"end":{"line":400,"column":5}},"155":{"start":{"line":398,"column":6},"end":{"line":398,"column":26}},"156":{"start":{"line":399,"column":6},"end":{"line":399,"column":28}},"157":{"start":{"line":403,"column":4},"end":{"line":405,"column":5}},"158":{"start":{"line":404,"column":6},"end":{"line":404,"column":45}},"159":{"start":{"line":408,"column":4},"end":{"line":408,"column":79}},"160":{"start":{"line":411,"column":4},"end":{"line":419,"column":5}},"161":{"start":{"line":412,"column":6},"end":{"line":418,"column":7}},"162":{"start":{"line":413,"column":8},"end":{"line":415,"column":11}},"163":{"start":{"line":414,"column":10},"end":{"line":414,"column":41}},"164":{"start":{"line":417,"column":8},"end":{"line":417,"column":46}},"165":{"start":{"line":422,"column":4},"end":{"line":433,"column":5}},"166":{"start":{"line":427,"column":6},"end":{"line":432,"column":7}},"167":{"start":{"line":428,"column":8},"end":{"line":428,"column":68}},"168":{"start":{"line":429,"column":8},"end":{"line":429,"column":75}},"169":{"start":{"line":431,"column":8},"end":{"line":431,"column":62}},"170":{"start":{"line":436,"column":4},"end":{"line":447,"column":5}},"171":{"start":{"line":441,"column":6},"end":{"line":446,"column":7}},"172":{"start":{"line":442,"column":8},"end":{"line":442,"column":71}},"173":{"start":{"line":443,"column":8},"end":{"line":443,"column":75}},"174":{"start":{"line":445,"column":8},"end":{"line":445,"column":65}},"175":{"start":{"line":449,"column":4},"end":{"line":449,"column":40}},"176":{"start":{"line":452,"column":2},"end":{"line":461,"column":4}},"177":{"start":{"line":455,"column":4},"end":{"line":457,"column":5}},"178":{"start":{"line":456,"column":6},"end":{"line":456,"column":28}},"179":{"start":{"line":460,"column":4},"end":{"line":460,"column":40}},"180":{"start":{"line":463,"column":2},"end":{"line":509,"column":4}},"181":{"start":{"line":464,"column":4},"end":{"line":464,"column":21}},"182":{"start":{"line":467,"column":4},"end":{"line":469,"column":5}},"183":{"start":{"line":468,"column":6},"end":{"line":468,"column":35}},"184":{"start":{"line":472,"column":4},"end":{"line":474,"column":5}},"185":{"start":{"line":473,"column":6},"end":{"line":473,"column":28}},"186":{"start":{"line":477,"column":4},"end":{"line":479,"column":5}},"187":{"start":{"line":478,"column":6},"end":{"line":478,"column":28}},"188":{"start":{"line":482,"column":4},"end":{"line":492,"column":5}},"189":{"start":{"line":487,"column":6},"end":{"line":491,"column":7}},"190":{"start":{"line":488,"column":8},"end":{"line":488,"column":26}},"191":{"start":{"line":490,"column":8},"end":{"line":490,"column":35}},"192":{"start":{"line":495,"column":4},"end":{"line":497,"column":5}},"193":{"start":{"line":496,"column":6},"end":{"line":496,"column":21}},"194":{"start":{"line":499,"column":4},"end":{"line":501,"column":5}},"195":{"start":{"line":500,"column":6},"end":{"line":500,"column":45}},"196":{"start":{"line":503,"column":4},"end":{"line":508,"column":5}},"197":{"start":{"line":504,"column":6},"end":{"line":504,"column":35}},"198":{"start":{"line":506,"column":6},"end":{"line":506,"column":61}},"199":{"start":{"line":507,"column":6},"end":{"line":507,"column":19}},"200":{"start":{"line":511,"column":2},"end":{"line":513,"column":4}},"201":{"start":{"line":512,"column":4},"end":{"line":512,"column":32}},"202":{"start":{"line":515,"column":2},"end":{"line":517,"column":4}},"203":{"start":{"line":516,"column":4},"end":{"line":516,"column":17}},"204":{"start":{"line":519,"column":2},"end":{"line":521,"column":4}},"205":{"start":{"line":520,"column":4},"end":{"line":520,"column":27}},"206":{"start":{"line":527,"column":2},"end":{"line":551,"column":4}},"207":{"start":{"line":530,"column":4},"end":{"line":532,"column":5}},"208":{"start":{"line":531,"column":6},"end":{"line":531,"column":44}},"209":{"start":{"line":535,"column":4},"end":{"line":537,"column":5}},"210":{"start":{"line":536,"column":6},"end":{"line":536,"column":49}},"211":{"start":{"line":540,"column":4},"end":{"line":542,"column":5}},"212":{"start":{"line":541,"column":6},"end":{"line":541,"column":46}},"213":{"start":{"line":546,"column":4},"end":{"line":548,"column":5}},"214":{"start":{"line":547,"column":6},"end":{"line":547,"column":32}},"215":{"start":{"line":550,"column":4},"end":{"line":550,"column":15}},"216":{"start":{"line":553,"column":2},"end":{"line":557,"column":4}},"217":{"start":{"line":554,"column":4},"end":{"line":556,"column":49}},"218":{"start":{"line":559,"column":2},"end":{"line":571,"column":4}},"219":{"start":{"line":560,"column":4},"end":{"line":560,"column":32}},"220":{"start":{"line":562,"column":4},"end":{"line":568,"column":5}},"221":{"start":{"line":563,"column":6},"end":{"line":563,"column":42}},"222":{"start":{"line":564,"column":6},"end":{"line":564,"column":59}},"223":{"start":{"line":566,"column":6},"end":{"line":566,"column":23}},"224":{"start":{"line":567,"column":6},"end":{"line":567,"column":79}},"225":{"start":{"line":570,"column":4},"end":{"line":570,"column":37}},"226":{"start":{"line":576,"column":2},"end":{"line":612,"column":4}},"227":{"start":{"line":578,"column":4},"end":{"line":578,"column":29}},"228":{"start":{"line":581,"column":4},"end":{"line":591,"column":5}},"229":{"start":{"line":582,"column":6},"end":{"line":590,"column":7}},"230":{"start":{"line":583,"column":8},"end":{"line":583,"column":32}},"231":{"start":{"line":586,"column":8},"end":{"line":589,"column":9}},"232":{"start":{"line":587,"column":10},"end":{"line":587,"column":32}},"233":{"start":{"line":588,"column":10},"end":{"line":588,"column":52}},"234":{"start":{"line":594,"column":4},"end":{"line":596,"column":5}},"235":{"start":{"line":595,"column":6},"end":{"line":595,"c
[...]
setLocale(request, request.language);","      }","    }","","    // last resort: defaultLocale","    return i18n.setLocale(request, defaultLocale);","  };","","  /**","   * Get a sorted list of accepted languages from the HTTP Accept-Language header","   */","  var getAcceptedLanguagesFromHeader = function(header) {","    var languages = header.split(','),","      preferences = {};","    return languages.map(function parseLanguagePreference(item) {","      var preferenceParts = item.trim().split(';q=');","      if (preferenceParts.length < 2) {","        preferenceParts[1] = 1.0;","      } else {","        var quality = parseFloat(preferenceParts[1]);","        preferenceParts[1] = quality ? quality : 0.0;","      }","      preferences[preferenceParts[0]] = preferenceParts[1];","","      return preferenceParts[0];","    }).filter(function(lang) {","      return preferences[lang] > 0;","    }).sort(function sortLanguages(a, b) {","      return preferences[b] - preferences[a];","    });","  };","","  /**","   * searches for locale in given object","   */","","  var getLocaleFromObject = function(obj) {","    var locale;","    if (obj && obj.scope) {","      locale = obj.scope.locale;","    }","    if (obj && obj.locale) {","      locale = obj.locale;","    }","    return locale;","  };","","  /**","   * splits and parses a phrase for mathematical interval expressions","   */","  var parsePluralInterval = function(phrase, count) {","    var returnPhrase = phrase;","    var phrases = phrase.split(/\\|/);","","    // some() breaks on 1st true","    phrases.some(function(p) {","      var matches = p.match(/^\\s*([\\(\\)\\[\\]\\d,]+)?\\s*(.*)$/);","","      // not the same as in combined condition","      if (matches[1]) {","        if (matchInterval(count, matches[1]) === true) {","          returnPhrase = matches[2];","          return true;","        }","      } else {","        returnPhrase = p;","      }","","    });","    return returnPhrase;","  };","","  /**","   * test a number to match mathematical interval expressions","   * [0,2] - 0 to 2 (including, matches: 0, 1, 2)","   * ]0,3[ - 0 to 3 (excluding, matches: 1, 2)","   * [1]   - 1 (matches: 1)","   * [20,] - all numbers ≥20 (matches: 20, 21, 22, ...)","   * [,20] - all numbers ≤20 (matches: 20, 21, 22, ...)","   */","  var matchInterval = function(number, interval) {","    interval = parseInterval(interval);","    if (interval && typeof number === 'number') {","      if (interval.from.value === number) {","        return interval.from.included;","      }","      if (interval.to.value === number) {","        return interval.to.included;","      }","","      return (Math.min(interval.from.value, number) === interval.from.value &&","        Math.max(interval.to.value, number) === interval.to.value);","    }","    return false;","  };","","  /**","   * read locale file, translate a msg and write to fs if new","   */","  var translate = function(locale, singular, plural, skipSyncToAllFiles) {","","    // add same key to all translations","    if (!skipSyncToAllFiles && syncFiles) {","      syncToAllFiles(singular, plural);","    }","","    if (locale === undefined) {","      logWarn('WARN: No locale found - check the context of the call to __(). Using ' +","        defaultLocale + ' as current locale');","      locale = defaultLocale;","    }","","    if (!locales[locale] && fallbacks[locale]) {","      locale = fallbacks[locale];","    }","","    // attempt to read when defined as valid locale","    if (!locales[locale]) {","      read(locale);","    }","","    // fallback to default when missed","    if (!locales[locale]) {","","      logWarn('WARN: Locale ' + locale +","        ' couldn\\'t be read - check the context of the call to $__. Using ' +","        defaultLocale + ' (default) as current locale');","","      locale = defaultLocale;","      read(locale);","    }","","    // dotnotaction add on, @todo: factor out","    var defaultSingular = singular;","    var defaultPlural = plural;","    if (objectNotation) {","      var indexOfColon = singular.indexOf(':');","      // We compare against 0 instead of -1 because","      // we don't really expect the string to start with ':'.","      if (0 < indexOfColon) {","        defaultSingular = singular.substring(indexOfColon + 1);","        singular = singular.substring(0, indexOfColon);","      }","      if (plural && typeof plural !== 'number') {","        indexOfColon = plural.indexOf(':');","        if (0 < indexOfColon) {","          defaultPlural = plural.substring(indexOfColon + 1);","          plural = plural.substring(0, indexOfColon);","        }","      }","    }","","    var accessor = localeAccessor(locale, singular);","    var mutator = localeMutator(locale, singular);","","    if (plural) {","      if (!accessor()) {","        mutator({","          'one': defaultSingular || singular,","          'other': defaultPlural || plural","        });","        write(locale);","      }","    }","","    if (!accessor()) {","      mutator(defaultSingular || singular);","      write(locale);","    }","","    return accessor();","  };","","  /**","   * initialize the same key in all locales","   * when not already existing, checked via translate","   */","  var syncToAllFiles = function(singular, plural) {","    // iterate over locales and translate again","    // this will implicitly write/sync missing keys","    // to the rest of locales","    for (var l in locales) {","      translate(l, singular, plural, true);","    }","  };","","  /**","   * Allows delayed access to translations nested inside objects.","   * @param {String} locale The locale to use.","   * @param {String} singular The singular term to look up.","   * @param {Boolean} [allowDelayedTraversal=true] Is delayed traversal of the tree allowed?","   * This parameter is used internally. It allows to signal the accessor that","   * a translation was not found in the initial lookup and that an invocation","   * of the accessor may trigger another traversal of the tree.","   * @returns {Function} A function that, when invoked, returns the current value stored","   * in the object at the requested location.","   */","  var localeAccessor = function(locale, singular, allowDelayedTraversal) {","    // Bail out on non-existent locales to defend against internal errors.","    if (!locales[locale]) return Function.prototype;","","    // Handle object lookup notation","    var indexOfDot = objectNotation && singular.lastIndexOf(objectNotation);","    if (objectNotation && (0 < indexOfDot && indexOfDot < singular.length - 1)) {","      // If delayed traversal wasn't specifically forbidden, it is allowed.","      if (typeof allowDelayedTraversal === 'undefined') allowDelayedTraversal = true;","      // The accessor we're trying to find and which we want to return.","      var accessor = null;","      // An accessor that returns null.","      var nullAccessor = function() {","        return null;","      };","      // Do we need to re-traverse the tree upon invocation of the accessor?","      var reTraverse = false;","      // Split the provided term and run the callback for each subterm.","      singular.split(objectNotation).reduce(function(object, index) {","        // Make the accessor return null.","        accessor = nullAccessor;","        // If our current target object (in the locale tree) doesn't exist or","        // it doesn't have the next subterm as a member...","        if (null === object || !object.hasOwnProperty(index)) {","          // ...remember that we need retraversal (because we didn't find our target).","          reTraverse = allowDelayedTraversal;","          // Return null to avoid deeper iterations.","          return null;","        }","        // We can traverse deeper, so we generate an accessor for this current level.","        accessor = function() {","          return object[index];","        };","        // Return a reference to the next deeper level in the locale tree.","        return object[index];","","      }, locales[locale]);","      // Return the requested accessor.","      return function() {","        // If we need to re-traverse (because we didn't find our target term)","        // traverse again and return the new result (but don't allow further iterations)","        // or return the previously found accessor if it was already valid.","        return (reTraverse) ? localeAccessor(locale, singular, false)() : accessor();","      };","","    } else {","      // No object notation, just return an accessor that performs array lookup.","      return function() {","        return locales[locale][singular];","      };","    }","  };","","  /**","   * Allows delayed mutation of a translation nested inside objects.","   * @description Construction of the mutator will attempt to locate the requested term","   * inside the object, but if part of the branch does not exist yet, it will not be","   * created until the mutator is actually invoked. At that point, re-traversal of the","   * tree is performed and missing parts along the branch will be created.","   * @param {String} locale The locale to use.","   * @param {String} singular The singular term to look up.","   * @param [Boolean} [allowBranching=false] Is the mutator allowed to create previously","   * non-existent branches along the requested locale path?","   * @returns {Function} A function that takes one argument. When the function is","   * invoked, the targeted translation term will be set to the given value inside the locale table.","   */","  var localeMutator = function(locale, singular, allowBranching) {","    // Bail out on non-existent locales to defend against internal errors.","    if (!locales[locale]) return Function.prototype;","","    // Handle object lookup notation","    var indexOfDot = objectNotation && singular.lastIndexOf(objectNotation);","    if (objectNotation && (0 < indexOfDot && indexOfDot < singular.length - 1)) {","      // If branching wasn't specifically allowed, disable it.","      if (typeof allowBranching === 'undefined') allowBranching = false;","      // This will become the function we want to return.","      var accessor = null;","      // An accessor that takes one argument and returns null.","      var nullAccessor = function() {","        return null;","      };","      // Fix object path.","      var fixObject = function() {","        return {};","      };","      // Are we going to need to re-traverse the tree when the mutator is invoked?","      var reTraverse = false;","      // Split the provided term and run the callback for each subterm.","      singular.split(objectNotation).reduce(function(object, index) {","        // Make the mutator do nothing.","        accessor = nullAccessor;","        // If our current target object (in the locale tree) doesn't exist or","        // it doesn't have the next subterm as a member...","        if (null === object || !object.hasOwnProperty(index)) {","          // ...check if we're allowed to create new branches.","          if (allowBranching) {","            // Fix `object` if `object` is not Object.","            if (null === object || typeof object !== 'object') {","              object = fixObject();","            }","            // If we are allowed to, create a new object along the path.","            object[index] = {};","          } else {","            // If we aren't allowed, remember that we need to re-traverse later on and...","            reTraverse = true;","            // ...return null to make the next iteration bail our early on.","            return null;","          }","        }","        // Generate a mutator for the current level.","        accessor = function(value) {","          object[index] = value;","          return value;","        };","        // Generate a fixer for the current level.","        fixObject = function() {","          object[index] = {};","          return object[index];","        };","","        // Return a reference to the next deeper level in the locale tree.","        return object[index];","","      }, locales[locale]);","","      // Return the final mutator.","      return function(value) {","        // If we need to re-traverse the tree","        // invoke the search again, but allow branching","        // this time (because here the mutator is being invoked)","        // otherwise, just change the value directly.","        return (reTraverse) ? localeMutator(locale, singular, true)(value) : accessor(value);","      };","","    } else {","      // No object notation, just return a mutator that performs array lookup and changes the value.","      return function(value) {","        locales[locale][singular] = value;","        return value;","      };","    }","  };","","  /**","   * try reading a file","   */","  var read = function(locale) {","    var localeFile = {},","      file = getStorageFilePath(locale);","    try {","      logDebug('read ' + file + ' for locale: ' + locale);","      localeFile = fs.readFileSync(file);","      try {","        // parsing filecontents to locales[locale]","        locales[locale] = JSON.parse(localeFile);","      } catch (parseError) {","        logError('unable to parse locales from file (maybe ' +","          file + ' is empty or invalid json?): ', parseError);","      }","    } catch (readError) {","      // unable to read, so intialize that file","      // locales[locale] are already set in memory, so no extra read required","      // or locales[locale] are empty, which initializes an empty locale.json file","","      // since the current invalid locale could exist, we should back it up","      if (fs.existsSync(file)) {","        logDebug('backing up invalid locale ' + locale + ' to ' + file + '.invalid');","        fs.renameSync(file, file + '.invalid');","      }","","      logDebug('initializing ' + file);","      write(locale);","    }","  };","","  /**","   * try writing a file in a created directory","   */","  var write = function(locale) {","    var stats, target, tmp;","","    // don't write new locale information to disk if updateFiles isn't true","    if (!updateFiles) {","      return;","    }","","    // creating directory if necessary","    try {","      stats = fs.lstatSync(directory);","    } catch (e) {","      logDebug('creating locales dir in: ' + directory);","      fs.mkdirSync(directory, directoryPermissions);","    }","","    // first time init has an empty file","    if (!locales[locale]) {","      locales[locale] = {};","    }","","    // writing to tmp and rename on success","    try {","      target = getStorageFilePath(locale);","      tmp = target + '.tmp';","      fs.writeFileSync(tmp, JSON.stringify(locales[locale], null, indent), 'utf8');","      stats = fs.statSync(tmp);","      if (stats.isFile()) {","        fs.renameSync(tmp, target);","      } else {","        logError('unable to write locales to file (either ' +","          tmp + ' or ' + target + ' are not writeable?): ');","      }","    } catch (e) {","      logError('unexpected error writing files (either ' +","        tmp + ' or ' + target + ' are not writeable?): ', e);","    }","  };","","  /**","   * basic normalization of filepath","   */","  var getStorageFilePath = function(locale) {","    // changed API to use .json as default, #16","    var ext = extension || '.json',","      filepath = path.normalize(directory + pathsep + prefix + locale + ext),","      filepathJS = path.normalize(directory + pathsep + prefix + locale + '.js');","    // use .js as fallback if already existing","    try {","      if (fs.statSync(filepathJS)) {","        logDebug('using existing file ' + filepathJS);","        extension = '.js';","        return filepathJS;","      }","    } catch (e) {","      logDebug('will use ' + filepath);","    }","    return filepath;","  };","","  /**","   * Logging proxies","   */","  function logDebug(msg) {","    logDebugFn(msg);","  }","","  function logWarn(msg) {","    logWarnFn(msg);","  }","","  function logError(msg) {","    logErrorFn(msg);","  }","","  return i18n;","","}());"],"l":{"12":1,"27":1,"29":1,"65":1,"67":1,"69":1,"71":1,"74":0,"78":0,"79":0,"80":0,"81":0,"82":0,"83":0,"90":0,"91":0,"93":0,"94":0,"95":0,"96":0,"99":0,"104":0,"107":0,"110":0,"114":0,"118":0,"121":0,"124":0,"127":0,"130":0,"133":0,"136":0,"139":0,"140":0,"143":0,"146":0,"147":0,"148":0,"151":0,"154":0,"156":0,"157":0,"161":0,"164":0,"165":0,"167":0,"168":0,"169":0,"177":1,"178":0,"181":0,"184":0,"187":0,"189":0,"192":0,"193":0,"196":0,"200":0,"201":0,"205":1,"206":0,"207":0,"208":0,"209":0,"212":0,"213":0,"214":0,"220":0,"224":0,"225":0,"229":0,"230":0,"234":0,"237":1,"238":0,"239":0,"240":0,"241":0,"242":0,"245":0,"246":0,"247":0,"248":0,"254":0,"255":0,"258":0,"263":0,"264":0,"266":0,"267":0,"268":0,"272":0,"273":0,"275":0,"276":0,"279":0,"282":1,"283":0,"284":0,"285":0,"287":0,"290":1,"291":0,"292":0,"293":0,"294":0,"295":0,"297":0,"300":1,"301":0,"304":0,"305":0,"306":0,"308":0,"309":0,"313":0,"314":0,"319":0,"320":0,"322":0,"325":0,"326":0,"330":0,"331":0,"332":0,"336":0,"337":0,"342":0,"344":0,"345":0,"349":0,"350":0,"353":0,"356":0,"359":0,"360":0,"363":0,"364":0,"367":0,"368":0,"370":0,"371":0,"375":0,"379":0,"382":1,"385":0,"386":0,"387":0,"389":0,"393":0,"394":0,"397":0,"398":0,"399":0,"403":0,"404":0,"408":0,"411":0,"412":0,"413":0,"414":0,"417":0,"422":0,"427":0,"428":0,"429":0,"431":0,"436":0,"441":0,"442":0,"443":0,"445":0,"449":0,"452":1,"455":0,"456":0,"460":0,"463":1,"464":0,"467":0,"468":0,"472":0,"473":0,"477":0,"478":0,"482":0,"487":0,"488":0,"490":0,"495":0,"496":0,"499":0,"500":0,"503":0,"504":0,"506":0,"507":0,"511":1,"512":0,"515":1,"516":0,"519":1,"520":0,"527":1,"530":0,"531":0,"535":0,"536":0,"540":0,"541":0,"546":0,"547":0,"550":0,"553":1,"554":0,"559":1,"560":0,"562":0,"563":0,"564":0,"566":0,"567":0,"570":0,"576":1,"578":0,"581":0,"582":0,"583":0,"586":0,"587":0,"588":0,"594":0,"595":0,"599":0,"600":0,"604":0,"605":0,"609":0,"610":0,"617":1,"618":0,"619":0,"621":0,"622":0,"623":0,"624":0,"627":0,"633":1,"634":0,"635":0,"637":0,"638":0,"639":0,"646":1,"647":0,"648":0,"652":0,"653":0,"654":0,"655":0,"658":0,"659":0,"660":0,"661":0,"662":0,"663":0,"668":0,"669":0,"670":0,"674":0,"675":0,"677":0,"678":0,"684":0,"685":0,"688":0,"689":0,"690":0,"691":0,"693":0,"697":0,"698":0,"702":0,"703":0,"707":0,"708":0,"710":0,"711":0,"714":0,"715":0,"716":0,"719":0,"720":0,"724":0,"725":0,"726":0,"731":0,"737":1,"738":0,"740":0,"741":0,"742":0,"743":0,"745":0,"746":0,"748":0,"750":0,"752":0,"754":0,"762":1,"763":0,"764":0,"765":0,"767":0,"768":0,"770":0,"776":1,"777":0,"778":0,"781":0,"782":0,"785":0,"786":0,"787":0,"788":0,"791":0,"795":0,"806":1,"807":0,"808":0,"809":0,"810":0,"812":0,"813":0,"816":0,"819":0,"825":1,"828":0,"829":0,"832":0,"833":0,"835":0,"838":0,"839":0,"843":0,"844":0,"848":0,"850":0,"854":0,"855":0,"859":0,"860":0,"861":0,"862":0,"865":0,"866":0,"867":0,"869":0,"870":0,"871":0,"872":0,"873":0,"878":0,"879":0,"881":0,"882":0,"883":0,"887":0,"891":0,"892":0,"893":0,"896":0,"903":1,"907":0,"908":0,"923":1,"925":0,"928":0,"929":0,"931":0,"933":0,"935":0,"936":0,"939":0,"941":0,"943":0,"946":0,"948":0,"950":0,"953":0,"954":0,"957":0,"961":0,"965":0,"970":0,"971":0,"989":1,"991":0,"994":0,"995":0,"997":0,"999":0,"1001":0,"1002":0,"1005":0,"1006":0,"1009":0,"1011":0,"1013":0,"1016":0,"1018":0,"1020":0,"1021":0,"1024":0,"1027":0,"1029":0,"1033":0,"1034":0,"1035":0,"1038":0,"1039":0,"1040":0,"1044":0,"1049":0,"1054":0,"1059":0,"1060":0,"1061":0,"1069":1,"1070":0,"1072":0,"1073":0,"1074":0,"1075":0,"1077":0,"1079":0,"1088":0,"1089":0,"1090":0,"1093":0,"1094":0,"1101":1,"1102":0,"1105":0,"1106":0,"1110":0,"1111":0,"1113":0,"1114":0,"1118":0,"1119":0,"1123":0,"1124":0,"1125":0,"1126":0,"1127":0,"1128":0,"1129":0,"1131":0,"1135":0,"1143":1,"1145":0,"1149":0,"1150":0,"1151":0,"1152":0,"1153":0,"1156":0,"1158":0,"1164":1,"1165":0,"1168":1,"1169":0,"1172":1,"1173":0,"1176":1}}}